{"numTotalTestSuites":9,"numPassedTestSuites":9,"numFailedTestSuites":0,"numPendingTestSuites":0,"numTotalTests":33,"numPassedTests":33,"numFailedTests":0,"numPendingTests":0,"numTodoTests":0,"snapshot":{"added":0,"failure":false,"filesAdded":0,"filesRemoved":0,"filesRemovedList":[],"filesUnmatched":0,"filesUpdated":0,"matched":0,"total":0,"unchecked":0,"uncheckedKeysByFile":[],"unmatched":0,"updated":0,"didUpdate":false},"startTime":1777300583574,"success":true,"testResults":[{"assertionResults":[{"ancestorTitles":["NewProjectPage (Accessibility)"],"fullName":"NewProjectPage (Accessibility) TC-H8: should allow navigating the main form inputs using Tab order","status":"passed","title":"TC-H8: should allow navigating the main form inputs using Tab order","duration":2690.8012999999996,"failureMessages":[],"meta":{},"tags":[]},{"ancestorTitles":["NewProjectPage (Accessibility)"],"fullName":"NewProjectPage (Accessibility) TC-H9: should support keyboard flow in root folder modal and apply selected folder","status":"passed","title":"TC-H9: should support keyboard flow in root folder modal and apply selected folder","duration":2312.3633,"failureMessages":[],"meta":{},"tags":[]}],"startTime":1777300586760,"endTime":1777300591763.3633,"status":"passed","message":"","name":"C:/Users/blamjarad/Documents/Github/ecopart_front/src/test/accessibility/NewProjectPage.a11y.test.tsx"},{"assertionResults":[{"ancestorTitles":["NewProjectPage (Functional)"],"fullName":"NewProjectPage (Functional) TC-H1: should render the form and auto-fill the current user in privileges","status":"passed","title":"TC-H1: should render the form and auto-fill the current user in privileges","duration":1139.2995,"failureMessages":[],"meta":{},"tags":[]},{"ancestorTitles":["NewProjectPage (Functional)"],"fullName":"NewProjectPage (Functional) TC-H2: should prevent submission and show error if mandatory fields are empty","status":"passed","title":"TC-H2: should prevent submission and show error if mandatory fields are empty","duration":890.2353999999996,"failureMessages":[],"meta":{},"tags":[]},{"ancestorTitles":["NewProjectPage (Functional)"],"fullName":"NewProjectPage (Functional) TC-H3: should submit successfully and redirect to the project import tab","status":"passed","title":"TC-H3: should submit successfully and redirect to the project import tab","duration":17918.8546,"failureMessages":[],"meta":{},"tags":[]},{"ancestorTitles":["NewProjectPage (Functional)"],"fullName":"NewProjectPage (Functional) TC-H4: should handle backend creation errors gracefully","status":"passed","title":"TC-H4: should handle backend creation errors gracefully","duration":27200.0945,"failureMessages":[],"meta":{},"tags":[]},{"ancestorTitles":["NewProjectPage (Functional)"],"fullName":"NewProjectPage (Functional) TC-H5: should allow interacting with EcoTaxa and Privileges dynamic sections","status":"passed","title":"TC-H5: should allow interacting with EcoTaxa and Privileges dynamic sections","duration":2633.7577999999994,"failureMessages":[],"meta":{},"tags":[]},{"ancestorTitles":["NewProjectPage (Functional)"],"fullName":"NewProjectPage (Functional) TC-H6: should preserve entered values and show error when metadata loading fails","status":"passed","title":"TC-H6: should preserve entered values and show error when metadata loading fails","duration":5110.870600000002,"failureMessages":[],"meta":{},"tags":[]},{"ancestorTitles":["NewProjectPage (Functional)"],"fullName":"NewProjectPage (Functional) TC-H7: should append existing metadata people to privileges as members on Load metadata","status":"passed","title":"TC-H7: should append existing metadata people to privileges as members on Load metadata","duration":4079.7909,"failureMessages":[],"meta":{},"tags":[]},{"ancestorTitles":["NewProjectPage (Functional)"],"fullName":"NewProjectPage (Functional) TC-H8: should wait for active users before appending metadata privileges","status":"passed","title":"TC-H8: should wait for active users before appending metadata privileges","duration":4320.777799999996,"failureMessages":[],"meta":{},"tags":[]}],"startTime":1777300587705,"endTime":1777300651001.7778,"status":"passed","message":"","name":"C:/Users/blamjarad/Documents/Github/ecopart_front/src/features/projects/pages/NewProjectPage.test.tsx"},{"assertionResults":[{"ancestorTitles":["ProjectDetailsPage (Functional)"],"fullName":"ProjectDetailsPage (Functional) TC-I1: should display an error if the URL ID is invalid","status":"passed","title":"TC-I1: should display an error if the URL ID is invalid","duration":93.75630000000001,"failureMessages":[],"meta":{},"tags":[]},{"ancestorTitles":["ProjectDetailsPage (Functional)"],"fullName":"ProjectDetailsPage (Functional) TC-I2: should render the header and default to the Metadata tab","status":"passed","title":"TC-I2: should render the header and default to the Metadata tab","duration":829.5766000000003,"failureMessages":[],"meta":{},"tags":[]},{"ancestorTitles":["ProjectDetailsPage (Functional)"],"fullName":"ProjectDetailsPage (Functional) TC-I3: should switch content when different tabs are clicked","status":"passed","title":"TC-I3: should switch content when different tabs are clicked","duration":665.7164000000002,"failureMessages":[],"meta":{},"tags":[]},{"ancestorTitles":["ProjectDetailsPage (Functional)"],"fullName":"ProjectDetailsPage (Functional) TC-I6: should open the Import tab when activeTab is provided in navigation state","status":"passed","title":"TC-I6: should open the Import tab when activeTab is provided in navigation state","duration":671.7844999999998,"failureMessages":[],"meta":{},"tags":[]},{"ancestorTitles":["ProjectDetailsPage (Functional)"],"fullName":"ProjectDetailsPage (Functional) TC-I4: should navigate to explore page with the correct project ID","status":"passed","title":"TC-I4: should navigate to explore page with the correct project ID","duration":745.9061000000002,"failureMessages":[],"meta":{},"tags":[]},{"ancestorTitles":["ProjectDetailsPage (Functional)"],"fullName":"ProjectDetailsPage (Functional) TC-I5: should show an error state when project details loading fails","status":"passed","title":"TC-I5: should show an error state when project details loading fails","duration":454.5018,"failureMessages":[],"meta":{},"tags":[]}],"startTime":1777300587707,"endTime":1777300591168.5017,"status":"passed","message":"","name":"C:/Users/blamjarad/Documents/Github/ecopart_front/src/features/projects/pages/ProjectDetailsPage.test.tsx"},{"assertionResults":[{"ancestorTitles":["ProfilePage - Ecopart Tab (Functional)"],"fullName":"ProfilePage - Ecopart Tab (Functional) TC-E1: should load and display user profile data correctly","status":"passed","title":"TC-E1: should load and display user profile data correctly","duration":574.5712999999996,"failureMessages":[],"meta":{},"tags":[]},{"ancestorTitles":["ProfilePage - Ecopart Tab (Functional)"],"fullName":"ProfilePage - Ecopart Tab (Functional) TC-E2: should revert changes when CANCEL is clicked","status":"passed","title":"TC-E2: should revert changes when CANCEL is clicked","duration":838.7863000000002,"failureMessages":[],"meta":{},"tags":[]},{"ancestorTitles":["ProfilePage - Ecopart Tab (Functional)"],"fullName":"ProfilePage - Ecopart Tab (Functional) TC-E3: should display validation errors and disable SAVE if required fields are empty","status":"passed","title":"TC-E3: should display validation errors and disable SAVE if required fields are empty","duration":781.7381999999998,"failureMessages":[],"meta":{},"tags":[]},{"ancestorTitles":["ProfilePage - Ecopart Tab (Functional)"],"fullName":"ProfilePage - Ecopart Tab (Functional) TC-E4: should save profile successfully","status":"passed","title":"TC-E4: should save profile successfully","duration":701.0430999999999,"failureMessages":[],"meta":{},"tags":[]},{"ancestorTitles":["ProfilePage - Ecopart Tab (Functional)"],"fullName":"ProfilePage - Ecopart Tab (Functional) TC-E5: should display error message if update fails","status":"passed","title":"TC-E5: should display error message if update fails","duration":751.2368000000006,"failureMessages":[],"meta":{},"tags":[]},{"ancestorTitles":["ProfilePage - Ecopart Tab (Functional)"],"fullName":"ProfilePage - Ecopart Tab (Functional) TC-E6: should disable CHANGE button if passwords are invalid or do not match","status":"passed","title":"TC-E6: should disable CHANGE button if passwords are invalid or do not match","duration":1202.1717000000008,"failureMessages":[],"meta":{},"tags":[]},{"ancestorTitles":["ProfilePage - Ecopart Tab (Functional)"],"fullName":"ProfilePage - Ecopart Tab (Functional) TC-E7: should change password successfully","status":"passed","title":"TC-E7: should change password successfully","duration":1894.3531000000003,"failureMessages":[],"meta":{},"tags":[]},{"ancestorTitles":["ProfilePage - Ecopart Tab (Functional)"],"fullName":"ProfilePage - Ecopart Tab (Functional) TC-E8: should handle deletion failure and keep the user on the page","status":"passed","title":"TC-E8: should handle deletion failure and keep the user on the page","duration":587.7929999999997,"failureMessages":[],"meta":{},"tags":[]},{"ancestorTitles":["ProfilePage - Ecopart Tab (Functional)"],"fullName":"ProfilePage - Ecopart Tab (Functional) TC-E9: should delete account and redirect to login on success","status":"passed","title":"TC-E9: should delete account and redirect to login on success","duration":432.3225000000002,"failureMessages":[],"meta":{},"tags":[]},{"ancestorTitles":["ProfilePage - Ecopart Tab (Functional)"],"fullName":"ProfilePage - Ecopart Tab (Functional) TC-E10: should navigate to admin dashboard when ADMIN button is clicked","status":"passed","title":"TC-E10: should navigate to admin dashboard when ADMIN button is clicked","duration":299.7348000000002,"failureMessages":[],"meta":{},"tags":[]},{"ancestorTitles":["ProfilePage - EcoTaxa Tab (Functional)"],"fullName":"ProfilePage - EcoTaxa Tab (Functional) TC-F1: should display the list of accounts when the user has existing links","status":"passed","title":"TC-F1: should display the list of accounts when the user has existing links","duration":71.32159999999931,"failureMessages":[],"meta":{},"tags":[]},{"ancestorTitles":["ProfilePage - EcoTaxa Tab (Functional)"],"fullName":"ProfilePage - EcoTaxa Tab (Functional) TC-F2: should display the form directly if the user has NO linked accounts","status":"passed","title":"TC-F2: should display the form directly if the user has NO linked accounts","duration":109.78260000000046,"failureMessages":[],"meta":{},"tags":[]},{"ancestorTitles":["ProfilePage - EcoTaxa Tab (Functional)"],"fullName":"ProfilePage - EcoTaxa Tab (Functional) TC-F3: should keep the LOG IN button disabled until the form is fully valid","status":"passed","title":"TC-F3: should keep the LOG IN button disabled until the form is fully valid","duration":722.0583000000006,"failureMessages":[],"meta":{},"tags":[]},{"ancestorTitles":["ProfilePage - EcoTaxa Tab (Functional)"],"fullName":"ProfilePage - EcoTaxa Tab (Functional) TC-F4: should successfully link an account and return to the list view","status":"passed","title":"TC-F4: should successfully link an account and return to the list view","duration":733.9837000000007,"failureMessages":[],"meta":{},"tags":[]},{"ancestorTitles":["ProfilePage - EcoTaxa Tab (Functional)"],"fullName":"ProfilePage - EcoTaxa Tab (Functional) TC-F5: should keep the account visible if unlink fails","status":"passed","title":"TC-F5: should keep the account visible if unlink fails","duration":416.2006000000001,"failureMessages":[],"meta":{},"tags":[]},{"ancestorTitles":["ProfilePage - EcoTaxa Tab (Functional)"],"fullName":"ProfilePage - EcoTaxa Tab (Functional) TC-F6: should remove the account from the list after successful unlinking","status":"passed","title":"TC-F6: should remove the account from the list after successful unlinking","duration":451.6893999999993,"failureMessages":[],"meta":{},"tags":[]},{"ancestorTitles":["ProfilePage - EcoTaxa Tab (Functional)"],"fullName":"ProfilePage - EcoTaxa Tab (Functional) TC-F7: should cancel form, avoid link API call, and reset form state when reopened","status":"passed","title":"TC-F7: should cancel form, avoid link API call, and reset form state when reopened","duration":989.0360999999994,"failureMessages":[],"meta":{},"tags":[]}],"startTime":1777300586667,"endTime":1777300598226.0361,"status":"passed","message":"","name":"C:/Users/blamjarad/Documents/Github/ecopart_front/src/features/userProfile/pages/ProfilePage.test.tsx"}]}