{"C:\\Users\\blamjarad\\Documents\\Github\\ecopart_front\\src\\app\\ProtectedRoute.tsx": {"path":"C:\\Users\\blamjarad\\Documents\\Github\\ecopart_front\\src\\app\\ProtectedRoute.tsx","statementMap":{"0":{"start":{"line":7,"column":10},"end":{"line":7,"column":null}},"1":{"start":{"line":7,"column":48},"end":{"line":7,"column":65}},"2":{"start":{"line":9,"column":4},"end":{"line":11,"column":null}},"3":{"start":{"line":10,"column":8},"end":{"line":10,"column":null}},"4":{"start":{"line":13,"column":4},"end":{"line":13,"column":null}}},"fnMap":{"0":{"name":"ProtectedRoute","decl":{"start":{"line":6,"column":16},"end":{"line":6,"column":31}},"loc":{"start":{"line":6,"column":70},"end":{"line":14,"column":null}},"line":6},"1":{"name":"(anonymous_1)","decl":{"start":{"line":7,"column":41},"end":{"line":7,"column":42}},"loc":{"start":{"line":7,"column":48},"end":{"line":7,"column":65}},"line":7}},"branchMap":{"0":{"loc":{"start":{"line":9,"column":4},"end":{"line":11,"column":null}},"type":"if","locations":[{"start":{"line":9,"column":4},"end":{"line":11,"column":null}},{"start":{},"end":{}}],"line":9}},"s":{"0":2,"1":6,"2":2,"3":1,"4":1},"f":{"0":2,"1":6},"b":{"0":[1,1]},"meta":{"lastBranch":1,"lastFunction":2,"lastStatement":5,"seen":{"f:6:16:6:31":0,"s:7:10:7:Infinity":0,"f:7:41:7:42":1,"s:7:48:7:65":1,"b:9:4:11:Infinity:undefined:undefined:undefined:undefined":0,"s:9:4:11:Infinity":2,"s:10:8:10:Infinity":3,"s:13:4:13:Infinity":4}}}
,"C:\\Users\\blamjarad\\Documents\\Github\\ecopart_front\\src\\app\\layouts\\MainLayout.tsx": {"path":"C:\\Users\\blamjarad\\Documents\\Github\\ecopart_front\\src\\app\\layouts\\MainLayout.tsx","statementMap":{"0":{"start":{"line":7,"column":4},"end":{"line":11,"column":null}}},"fnMap":{"0":{"name":"MainLayout","decl":{"start":{"line":6,"column":24},"end":{"line":6,"column":35}},"loc":{"start":{"line":6,"column":74},"end":{"line":13,"column":null}},"line":6}},"branchMap":{},"s":{"0":993},"f":{"0":993},"b":{},"meta":{"lastBranch":0,"lastFunction":1,"lastStatement":1,"seen":{"f:6:24:6:35":0,"s:7:4:11:Infinity":0}}}
,"C:\\Users\\blamjarad\\Documents\\Github\\ecopart_front\\src\\config\\api.ts": {"path":"C:\\Users\\blamjarad\\Documents\\Github\\ecopart_front\\src\\config\\api.ts","statementMap":{"0":{"start":{"line":2,"column":22},"end":{"line":4,"column":null}},"1":{"start":{"line":7,"column":0},"end":{"line":11,"column":null}},"2":{"start":{"line":8,"column":4},"end":{"line":10,"column":null}},"3":{"start":{"line":14,"column":25},"end":{"line":14,"column":null}},"4":{"start":{"line":14,"column":50},"end":{"line":14,"column":null}},"5":{"start":{"line":17,"column":28},"end":{"line":17,"column":null}}},"fnMap":{"0":{"name":"(anonymous_0)","decl":{"start":{"line":14,"column":25},"end":{"line":14,"column":26}},"loc":{"start":{"line":14,"column":50},"end":{"line":14,"column":null}},"line":14}},"branchMap":{"0":{"loc":{"start":{"line":2,"column":22},"end":{"line":4,"column":null}},"type":"cond-expr","locations":[{"start":{"line":3,"column":6},"end":{"line":3,"column":null}},{"start":{"line":4,"column":6},"end":{"line":4,"column":null}}],"line":2},"1":{"loc":{"start":{"line":7,"column":0},"end":{"line":11,"column":null}},"type":"if","locations":[{"start":{"line":7,"column":0},"end":{"line":11,"column":null}},{"start":{},"end":{}}],"line":7},"2":{"loc":{"start":{"line":7,"column":4},"end":{"line":7,"column":83}},"type":"binary-expr","locations":[{"start":{"line":7,"column":4},"end":{"line":7,"column":29}},{"start":{"line":7,"column":29},"end":{"line":7,"column":47}},{"start":{"line":7,"column":47},"end":{"line":7,"column":83}}],"line":7},"3":{"loc":{"start":{"line":17,"column":45},"end":{"line":17,"column":64}},"type":"binary-expr","locations":[{"start":{"line":17,"column":45},"end":{"line":17,"column":62}},{"start":{"line":17,"column":62},"end":{"line":17,"column":64}}],"line":17}},"s":{"0":21,"1":21,"2":0,"3":21,"4":21,"5":21},"f":{"0":21},"b":{"0":[21,0],"1":[0,21],"2":[21,0,0],"3":[21,0]},"meta":{"lastBranch":4,"lastFunction":1,"lastStatement":6,"seen":{"s:2:22:4:Infinity":0,"b:3:6:3:Infinity:4:6:4:Infinity":0,"b:7:0:11:Infinity:undefined:undefined:undefined:undefined":1,"s:7:0:11:Infinity":1,"b:7:4:7:29:7:29:7:47:7:47:7:83":2,"s:8:4:10:Infinity":2,"s:14:25:14:Infinity":3,"f:14:25:14:26":0,"s:14:50:14:Infinity":4,"s:17:28:17:Infinity":5,"b:17:45:17:62:17:62:17:64":3}}}
,"C:\\Users\\blamjarad\\Documents\\Github\\ecopart_front\\src\\features\\auth\\index.ts": {"path":"C:\\Users\\blamjarad\\Documents\\Github\\ecopart_front\\src\\features\\auth\\index.ts","statementMap":{},"fnMap":{},"branchMap":{},"s":{},"f":{},"b":{},"meta":{"lastBranch":0,"lastFunction":0,"lastStatement":0,"seen":{}}}
,"C:\\Users\\blamjarad\\Documents\\Github\\ecopart_front\\src\\features\\auth\\api\\auth.api.ts": {"path":"C:\\Users\\blamjarad\\Documents\\Github\\ecopart_front\\src\\features\\auth\\api\\auth.api.ts","statementMap":{"0":{"start":{"line":6,"column":16},"end":{"line":11,"column":null}},"1":{"start":{"line":13,"column":4},"end":{"line":15,"column":null}},"2":{"start":{"line":14,"column":8},"end":{"line":14,"column":null}},"3":{"start":{"line":17,"column":4},"end":{"line":17,"column":null}},"4":{"start":{"line":22,"column":4},"end":{"line":22,"column":null}}},"fnMap":{"0":{"name":"loginRequest","decl":{"start":{"line":5,"column":22},"end":{"line":5,"column":35}},"loc":{"start":{"line":5,"column":68},"end":{"line":18,"column":null}},"line":5},"1":{"name":"fetchMe","decl":{"start":{"line":20,"column":22},"end":{"line":20,"column":47}},"loc":{"start":{"line":20,"column":47},"end":{"line":23,"column":null}},"line":20}},"branchMap":{"0":{"loc":{"start":{"line":13,"column":4},"end":{"line":15,"column":null}},"type":"if","locations":[{"start":{"line":13,"column":4},"end":{"line":15,"column":null}},{"start":{},"end":{}}],"line":13}},"s":{"0":2,"1":2,"2":1,"3":1,"4":21},"f":{"0":2,"1":21},"b":{"0":[1,1]},"meta":{"lastBranch":1,"lastFunction":2,"lastStatement":5,"seen":{"f:5:22:5:35":0,"s:6:16:11:Infinity":0,"b:13:4:15:Infinity:undefined:undefined:undefined:undefined":0,"s:13:4:15:Infinity":1,"s:14:8:14:Infinity":2,"s:17:4:17:Infinity":3,"f:20:22:20:47":1,"s:22:4:22:Infinity":4}}}
,"C:\\Users\\blamjarad\\Documents\\Github\\ecopart_front\\src\\features\\auth\\api\\passwordReset.api.ts": {"path":"C:\\Users\\blamjarad\\Documents\\Github\\ecopart_front\\src\\features\\auth\\api\\passwordReset.api.ts","statementMap":{"0":{"start":{"line":3,"column":4},"end":{"line":11,"column":null}},"1":{"start":{"line":4,"column":8},"end":{"line":8,"column":null}},"2":{"start":{"line":18,"column":16},"end":{"line":24,"column":null}},"3":{"start":{"line":26,"column":4},"end":{"line":41,"column":null}},"4":{"start":{"line":27,"column":22},"end":{"line":27,"column":null}},"5":{"start":{"line":29,"column":8},"end":{"line":38,"column":null}},"6":{"start":{"line":30,"column":25},"end":{"line":30,"column":null}},"7":{"start":{"line":31,"column":12},"end":{"line":35,"column":null}},"8":{"start":{"line":32,"column":16},"end":{"line":32,"column":null}},"9":{"start":{"line":33,"column":12},"end":{"line":35,"column":null}},"10":{"start":{"line":34,"column":16},"end":{"line":34,"column":null}},"11":{"start":{"line":40,"column":8},"end":{"line":40,"column":null}}},"fnMap":{"0":{"name":"requestPasswordReset","decl":{"start":{"line":2,"column":22},"end":{"line":2,"column":43}},"loc":{"start":{"line":2,"column":58},"end":{"line":12,"column":null}},"line":2},"1":{"name":"resetPassword","decl":{"start":{"line":14,"column":22},"end":{"line":14,"column":null}},"loc":{"start":{"line":17,"column":2},"end":{"line":42,"column":null}},"line":17}},"branchMap":{"0":{"loc":{"start":{"line":26,"column":4},"end":{"line":41,"column":null}},"type":"if","locations":[{"start":{"line":26,"column":4},"end":{"line":41,"column":null}},{"start":{},"end":{}}],"line":26},"1":{"loc":{"start":{"line":31,"column":12},"end":{"line":35,"column":null}},"type":"if","locations":[{"start":{"line":31,"column":12},"end":{"line":35,"column":null}},{"start":{"line":33,"column":12},"end":{"line":35,"column":null}}],"line":31},"2":{"loc":{"start":{"line":33,"column":12},"end":{"line":35,"column":null}},"type":"if","locations":[{"start":{"line":33,"column":12},"end":{"line":35,"column":null}},{"start":{},"end":{}}],"line":33}},"s":{"0":2,"1":2,"2":2,"3":2,"4":1,"5":1,"6":1,"7":1,"8":0,"9":1,"10":1,"11":1},"f":{"0":2,"1":2},"b":{"0":[1,1],"1":[0,1],"2":[1,0]},"meta":{"lastBranch":3,"lastFunction":2,"lastStatement":12,"seen":{"f:2:22:2:43":0,"s:3:4:11:Infinity":0,"s:4:8:8:Infinity":1,"f:14:22:14:Infinity":1,"s:18:16:24:Infinity":2,"b:26:4:41:Infinity:undefined:undefined:undefined:undefined":0,"s:26:4:41:Infinity":3,"s:27:22:27:Infinity":4,"s:29:8:38:Infinity":5,"s:30:25:30:Infinity":6,"b:31:12:35:Infinity:33:12:35:Infinity":1,"s:31:12:35:Infinity":7,"s:32:16:32:Infinity":8,"b:33:12:35:Infinity:undefined:undefined:undefined:undefined":2,"s:33:12:35:Infinity":9,"s:34:16:34:Infinity":10,"s:40:8:40:Infinity":11}}}
,"C:\\Users\\blamjarad\\Documents\\Github\\ecopart_front\\src\\features\\auth\\api\\register.api.ts": {"path":"C:\\Users\\blamjarad\\Documents\\Github\\ecopart_front\\src\\features\\auth\\api\\register.api.ts","statementMap":{"0":{"start":{"line":7,"column":4},"end":{"line":12,"column":null}},"1":{"start":{"line":8,"column":22},"end":{"line":8,"column":null}},"2":{"start":{"line":10,"column":8},"end":{"line":10,"column":null}},"3":{"start":{"line":10,"column":39},"end":{"line":10,"column":null}},"4":{"start":{"line":11,"column":8},"end":{"line":11,"column":null}},"5":{"start":{"line":11,"column":73},"end":{"line":11,"column":null}},"6":{"start":{"line":14,"column":4},"end":{"line":14,"column":null}},"7":{"start":{"line":14,"column":48},"end":{"line":14,"column":null}},"8":{"start":{"line":16,"column":4},"end":{"line":16,"column":null}},"9":{"start":{"line":20,"column":16},"end":{"line":24,"column":null}},"10":{"start":{"line":26,"column":4},"end":{"line":40,"column":null}},"11":{"start":{"line":28,"column":28},"end":{"line":28,"column":null}},"12":{"start":{"line":29,"column":8},"end":{"line":33,"column":null}},"13":{"start":{"line":30,"column":12},"end":{"line":30,"column":null}},"14":{"start":{"line":32,"column":12},"end":{"line":32,"column":null}},"15":{"start":{"line":36,"column":12},"end":{"line":37,"column":null}},"16":{"start":{"line":39,"column":8},"end":{"line":39,"column":null}},"17":{"start":{"line":43,"column":4},"end":{"line":47,"column":null}},"18":{"start":{"line":44,"column":8},"end":{"line":44,"column":null}},"19":{"start":{"line":46,"column":8},"end":{"line":46,"column":null}}},"fnMap":{"0":{"name":"extractErrorMessage","decl":{"start":{"line":5,"column":9},"end":{"line":5,"column":29}},"loc":{"start":{"line":5,"column":73},"end":{"line":17,"column":null}},"line":5},"1":{"name":"registerUser","decl":{"start":{"line":19,"column":22},"end":{"line":19,"column":35}},"loc":{"start":{"line":19,"column":61},"end":{"line":48,"column":null}},"line":19}},"branchMap":{"0":{"loc":{"start":{"line":7,"column":4},"end":{"line":12,"column":null}},"type":"if","locations":[{"start":{"line":7,"column":4},"end":{"line":12,"column":null}},{"start":{},"end":{}}],"line":7},"1":{"loc":{"start":{"line":7,"column":8},"end":{"line":7,"column":93}},"type":"binary-expr","locations":[{"start":{"line":7,"column":8},"end":{"line":7,"column":29}},{"start":{"line":7,"column":29},"end":{"line":7,"column":64}},{"start":{"line":7,"column":64},"end":{"line":7,"column":93}}],"line":7},"2":{"loc":{"start":{"line":10,"column":8},"end":{"line":10,"column":null}},"type":"if","locations":[{"start":{"line":10,"column":8},"end":{"line":10,"column":null}},{"start":{},"end":{}}],"line":10},"3":{"loc":{"start":{"line":11,"column":8},"end":{"line":11,"column":null}},"type":"if","locations":[{"start":{"line":11,"column":8},"end":{"line":11,"column":null}},{"start":{},"end":{}}],"line":11},"4":{"loc":{"start":{"line":11,"column":12},"end":{"line":11,"column":73}},"type":"binary-expr","locations":[{"start":{"line":11,"column":12},"end":{"line":11,"column":41}},{"start":{"line":11,"column":41},"end":{"line":11,"column":73}}],"line":11},"5":{"loc":{"start":{"line":14,"column":4},"end":{"line":14,"column":null}},"type":"if","locations":[{"start":{"line":14,"column":4},"end":{"line":14,"column":null}},{"start":{},"end":{}}],"line":14},"6":{"loc":{"start":{"line":26,"column":4},"end":{"line":40,"column":null}},"type":"if","locations":[{"start":{"line":26,"column":4},"end":{"line":40,"column":null}},{"start":{},"end":{}}],"line":26},"7":{"loc":{"start":{"line":36,"column":12},"end":{"line":37,"column":null}},"type":"binary-expr","locations":[{"start":{"line":36,"column":12},"end":{"line":36,"column":null}},{"start":{"line":37,"column":12},"end":{"line":37,"column":null}}],"line":36}},"s":{"0":1,"1":0,"2":0,"3":0,"4":0,"5":0,"6":1,"7":1,"8":0,"9":2,"10":2,"11":1,"12":1,"13":1,"14":0,"15":1,"16":1,"17":1,"18":1,"19":0},"f":{"0":1,"1":2},"b":{"0":[0,1],"1":[1,0,0],"2":[0,0],"3":[0,0],"4":[0,0],"5":[1,0],"6":[1,1],"7":[1,0]},"meta":{"lastBranch":8,"lastFunction":2,"lastStatement":20,"seen":{"f:5:9:5:29":0,"b:7:4:12:Infinity:undefined:undefined:undefined:undefined":0,"s:7:4:12:Infinity":0,"b:7:8:7:29:7:29:7:64:7:64:7:93":1,"s:8:22:8:Infinity":1,"b:10:8:10:Infinity:undefined:undefined:undefined:undefined":2,"s:10:8:10:Infinity":2,"s:10:39:10:Infinity":3,"b:11:8:11:Infinity:undefined:undefined:undefined:undefined":3,"s:11:8:11:Infinity":4,"b:11:12:11:41:11:41:11:73":4,"s:11:73:11:Infinity":5,"b:14:4:14:Infinity:undefined:undefined:undefined:undefined":5,"s:14:4:14:Infinity":6,"s:14:48:14:Infinity":7,"s:16:4:16:Infinity":8,"f:19:22:19:35":1,"s:20:16:24:Infinity":9,"b:26:4:40:Infinity:undefined:undefined:undefined:undefined":6,"s:26:4:40:Infinity":10,"s:28:28:28:Infinity":11,"s:29:8:33:Infinity":12,"s:30:12:30:Infinity":13,"s:32:12:32:Infinity":14,"s:36:12:37:Infinity":15,"b:36:12:36:Infinity:37:12:37:Infinity":7,"s:39:8:39:Infinity":16,"s:43:4:47:Infinity":17,"s:44:8:44:Infinity":18,"s:46:8:46:Infinity":19}}}
,"C:\\Users\\blamjarad\\Documents\\Github\\ecopart_front\\src\\features\\auth\\api\\users.api.ts": {"path":"C:\\Users\\blamjarad\\Documents\\Github\\ecopart_front\\src\\features\\auth\\api\\users.api.ts","statementMap":{"0":{"start":{"line":21,"column":4},"end":{"line":25,"column":null}}},"fnMap":{"0":{"name":"fetchActiveUsers","decl":{"start":{"line":20,"column":22},"end":{"line":20,"column":70}},"loc":{"start":{"line":20,"column":70},"end":{"line":26,"column":null}},"line":20}},"branchMap":{},"s":{"0":32},"f":{"0":32},"b":{},"meta":{"lastBranch":0,"lastFunction":1,"lastStatement":1,"seen":{"f:20:22:20:70":0,"s:21:4:25:Infinity":0}}}
,"C:\\Users\\blamjarad\\Documents\\Github\\ecopart_front\\src\\features\\auth\\pages\\LoginPage.tsx": {"path":"C:\\Users\\blamjarad\\Documents\\Github\\ecopart_front\\src\\features\\auth\\pages\\LoginPage.tsx","statementMap":{"0":{"start":{"line":25,"column":10},"end":{"line":25,"column":null}},"1":{"start":{"line":26,"column":10},"end":{"line":26,"column":null}},"2":{"start":{"line":27,"column":10},"end":{"line":27,"column":null}},"3":{"start":{"line":27,"column":40},"end":{"line":27,"column":49}},"4":{"start":{"line":28,"column":10},"end":{"line":28,"column":null}},"5":{"start":{"line":28,"column":48},"end":{"line":28,"column":65}},"6":{"start":{"line":31,"column":26},"end":{"line":31,"column":null}},"7":{"start":{"line":32,"column":32},"end":{"line":32,"column":null}},"8":{"start":{"line":33,"column":36},"end":{"line":33,"column":null}},"9":{"start":{"line":36,"column":30},"end":{"line":36,"column":null}},"10":{"start":{"line":37,"column":26},"end":{"line":37,"column":null}},"11":{"start":{"line":39,"column":27},"end":{"line":39,"column":null}},"12":{"start":{"line":42,"column":10},"end":{"line":42,"column":null}},"13":{"start":{"line":43,"column":10},"end":{"line":43,"column":null}},"14":{"start":{"line":46,"column":24},"end":{"line":46,"column":null}},"15":{"start":{"line":49,"column":4},"end":{"line":51,"column":null}},"16":{"start":{"line":50,"column":8},"end":{"line":50,"column":null}},"17":{"start":{"line":53,"column":25},"end":{"line":70,"column":null}},"18":{"start":{"line":54,"column":8},"end":{"line":54,"column":null}},"19":{"start":{"line":54,"column":37},"end":{"line":54,"column":null}},"20":{"start":{"line":56,"column":8},"end":{"line":56,"column":null}},"21":{"start":{"line":57,"column":8},"end":{"line":57,"column":null}},"22":{"start":{"line":59,"column":8},"end":{"line":69,"column":null}},"23":{"start":{"line":60,"column":12},"end":{"line":60,"column":null}},"24":{"start":{"line":61,"column":25},"end":{"line":61,"column":null}},"25":{"start":{"line":62,"column":12},"end":{"line":62,"column":null}},"26":{"start":{"line":63,"column":12},"end":{"line":63,"column":null}},"27":{"start":{"line":65,"column":12},"end":{"line":65,"column":null}},"28":{"start":{"line":66,"column":12},"end":{"line":66,"column":null}},"29":{"start":{"line":68,"column":12},"end":{"line":68,"column":null}},"30":{"start":{"line":72,"column":4},"end":{"line":160,"column":null}},"31":{"start":{"line":86,"column":37},"end":{"line":86,"column":null}},"32":{"start":{"line":103,"column":37},"end":{"line":103,"column":null}},"33":{"start":{"line":106,"column":24},"end":{"line":106,"column":null}},"34":{"start":{"line":106,"column":47},"end":{"line":106,"column":null}},"35":{"start":{"line":115,"column":45},"end":{"line":115,"column":null}},"36":{"start":{"line":146,"column":39},"end":{"line":146,"column":null}},"37":{"start":{"line":154,"column":39},"end":{"line":154,"column":null}}},"fnMap":{"0":{"name":"LoginPage","decl":{"start":{"line":24,"column":24},"end":{"line":24,"column":36}},"loc":{"start":{"line":24,"column":36},"end":{"line":162,"column":null}},"line":24},"1":{"name":"(anonymous_1)","decl":{"start":{"line":27,"column":33},"end":{"line":27,"column":34}},"loc":{"start":{"line":27,"column":40},"end":{"line":27,"column":49}},"line":27},"2":{"name":"(anonymous_2)","decl":{"start":{"line":28,"column":41},"end":{"line":28,"column":42}},"loc":{"start":{"line":28,"column":48},"end":{"line":28,"column":65}},"line":28},"3":{"name":"(anonymous_3)","decl":{"start":{"line":53,"column":25},"end":{"line":53,"column":37}},"loc":{"start":{"line":53,"column":37},"end":{"line":70,"column":null}},"line":53},"4":{"name":"(anonymous_4)","decl":{"start":{"line":86,"column":30},"end":{"line":86,"column":31}},"loc":{"start":{"line":86,"column":37},"end":{"line":86,"column":null}},"line":86},"5":{"name":"(anonymous_5)","decl":{"start":{"line":103,"column":30},"end":{"line":103,"column":31}},"loc":{"start":{"line":103,"column":37},"end":{"line":103,"column":null}},"line":103},"6":{"name":"(anonymous_6)","decl":{"start":{"line":105,"column":31},"end":{"line":105,"column":32}},"loc":{"start":{"line":105,"column":38},"end":{"line":107,"column":null}},"line":105},"7":{"name":"(anonymous_7)","decl":{"start":{"line":115,"column":38},"end":{"line":115,"column":39}},"loc":{"start":{"line":115,"column":45},"end":{"line":115,"column":null}},"line":115},"8":{"name":"(anonymous_8)","decl":{"start":{"line":146,"column":33},"end":{"line":146,"column":39}},"loc":{"start":{"line":146,"column":39},"end":{"line":146,"column":null}},"line":146},"9":{"name":"(anonymous_9)","decl":{"start":{"line":154,"column":33},"end":{"line":154,"column":39}},"loc":{"start":{"line":154,"column":39},"end":{"line":154,"column":null}},"line":154}},"branchMap":{"0":{"loc":{"start":{"line":46,"column":24},"end":{"line":46,"column":null}},"type":"binary-expr","locations":[{"start":{"line":46,"column":24},"end":{"line":46,"column":40}},{"start":{"line":46,"column":40},"end":{"line":46,"column":null}}],"line":46},"1":{"loc":{"start":{"line":49,"column":4},"end":{"line":51,"column":null}},"type":"if","locations":[{"start":{"line":49,"column":4},"end":{"line":51,"column":null}},{"start":{},"end":{}}],"line":49},"2":{"loc":{"start":{"line":54,"column":8},"end":{"line":54,"column":null}},"type":"if","locations":[{"start":{"line":54,"column":8},"end":{"line":54,"column":null}},{"start":{},"end":{}}],"line":54},"3":{"loc":{"start":{"line":54,"column":12},"end":{"line":54,"column":37}},"type":"binary-expr","locations":[{"start":{"line":54,"column":12},"end":{"line":54,"column":23}},{"start":{"line":54,"column":23},"end":{"line":54,"column":37}}],"line":54},"4":{"loc":{"start":{"line":89,"column":20},"end":{"line":89,"column":null}},"type":"binary-expr","locations":[{"start":{"line":89,"column":20},"end":{"line":89,"column":48}},{"start":{"line":89,"column":48},"end":{"line":89,"column":null}}],"line":89},"5":{"loc":{"start":{"line":90,"column":20},"end":{"line":93,"column":null}},"type":"cond-expr","locations":[{"start":{"line":92,"column":30},"end":{"line":92,"column":null}},{"start":{"line":93,"column":30},"end":{"line":93,"column":null}}],"line":90},"6":{"loc":{"start":{"line":90,"column":20},"end":{"line":91,"column":null}},"type":"binary-expr","locations":[{"start":{"line":90,"column":20},"end":{"line":91,"column":45}},{"start":{"line":91,"column":45},"end":{"line":91,"column":null}}],"line":90},"7":{"loc":{"start":{"line":106,"column":24},"end":{"line":106,"column":null}},"type":"if","locations":[{"start":{"line":106,"column":24},"end":{"line":106,"column":null}},{"start":{},"end":{}}],"line":106},"8":{"loc":{"start":{"line":127,"column":30},"end":{"line":127,"column":null}},"type":"binary-expr","locations":[{"start":{"line":127,"column":30},"end":{"line":127,"column":41}},{"start":{"line":127,"column":41},"end":{"line":127,"column":null}}],"line":127},"9":{"loc":{"start":{"line":132,"column":21},"end":{"line":132,"column":null}},"type":"cond-expr","locations":[{"start":{"line":132,"column":31},"end":{"line":132,"column":80}},{"start":{"line":132,"column":80},"end":{"line":132,"column":null}}],"line":132}},"s":{"0":86,"1":86,"2":86,"3":259,"4":86,"5":259,"6":86,"7":86,"8":86,"9":86,"10":86,"11":86,"12":86,"13":86,"14":86,"15":86,"16":2,"17":84,"18":2,"19":0,"20":2,"21":2,"22":2,"23":2,"24":1,"25":1,"26":1,"27":1,"28":1,"29":2,"30":84,"31":49,"32":27,"33":29,"34":0,"35":0,"36":0,"37":0},"f":{"0":86,"1":259,"2":259,"3":2,"4":49,"5":27,"6":29,"7":0,"8":0,"9":0},"b":{"0":[86,40],"1":[2,84],"2":[0,2],"3":[2,2],"4":[84,79],"5":[40,44],"6":[86,79],"7":[0,29],"8":[86,82],"9":[2,82]},"meta":{"lastBranch":10,"lastFunction":10,"lastStatement":38,"seen":{"f:24:24:24:36":0,"s:25:10:25:Infinity":0,"s:26:10:26:Infinity":1,"s:27:10:27:Infinity":2,"f:27:33:27:34":1,"s:27:40:27:49":3,"s:28:10:28:Infinity":4,"f:28:41:28:42":2,"s:28:48:28:65":5,"s:31:26:31:Infinity":6,"s:32:32:32:Infinity":7,"s:33:36:33:Infinity":8,"s:36:30:36:Infinity":9,"s:37:26:37:Infinity":10,"s:39:27:39:Infinity":11,"s:42:10:42:Infinity":12,"s:43:10:43:Infinity":13,"s:46:24:46:Infinity":14,"b:46:24:46:40:46:40:46:Infinity":0,"b:49:4:51:Infinity:undefined:undefined:undefined:undefined":1,"s:49:4:51:Infinity":15,"s:50:8:50:Infinity":16,"s:53:25:70:Infinity":17,"f:53:25:53:37":3,"b:54:8:54:Infinity:undefined:undefined:undefined:undefined":2,"s:54:8:54:Infinity":18,"b:54:12:54:23:54:23:54:37":3,"s:54:37:54:Infinity":19,"s:56:8:56:Infinity":20,"s:57:8:57:Infinity":21,"s:59:8:69:Infinity":22,"s:60:12:60:Infinity":23,"s:61:25:61:Infinity":24,"s:62:12:62:Infinity":25,"s:63:12:63:Infinity":26,"s:65:12:65:Infinity":27,"s:66:12:66:Infinity":28,"s:68:12:68:Infinity":29,"s:72:4:160:Infinity":30,"f:86:30:86:31":4,"s:86:37:86:Infinity":31,"b:89:20:89:48:89:48:89:Infinity":4,"b:92:30:92:Infinity:93:30:93:Infinity":5,"b:90:20:91:45:91:45:91:Infinity":6,"f:103:30:103:31":5,"s:103:37:103:Infinity":32,"f:105:31:105:32":6,"b:106:24:106:Infinity:undefined:undefined:undefined:undefined":7,"s:106:24:106:Infinity":33,"s:106:47:106:Infinity":34,"f:115:38:115:39":7,"s:115:45:115:Infinity":35,"b:127:30:127:41:127:41:127:Infinity":8,"b:132:31:132:80:132:80:132:Infinity":9,"f:146:33:146:39":8,"s:146:39:146:Infinity":36,"f:154:33:154:39":9,"s:154:39:154:Infinity":37}}}
,"C:\\Users\\blamjarad\\Documents\\Github\\ecopart_front\\src\\features\\auth\\pages\\RegisterPage.tsx": {"path":"C:\\Users\\blamjarad\\Documents\\Github\\ecopart_front\\src\\features\\auth\\pages\\RegisterPage.tsx","statementMap":{"0":{"start":{"line":31,"column":34},"end":{"line":31,"column":null}},"1":{"start":{"line":32,"column":26},"end":{"line":32,"column":null}},"2":{"start":{"line":35,"column":54},"end":{"line":35,"column":null}},"3":{"start":{"line":36,"column":56},"end":{"line":36,"column":null}},"4":{"start":{"line":39,"column":34},"end":{"line":39,"column":null}},"5":{"start":{"line":40,"column":32},"end":{"line":40,"column":null}},"6":{"start":{"line":41,"column":26},"end":{"line":41,"column":null}},"7":{"start":{"line":42,"column":40},"end":{"line":42,"column":null}},"8":{"start":{"line":43,"column":38},"end":{"line":43,"column":null}},"9":{"start":{"line":44,"column":26},"end":{"line":44,"column":null}},"10":{"start":{"line":45,"column":32},"end":{"line":45,"column":null}},"11":{"start":{"line":46,"column":30},"end":{"line":46,"column":null}},"12":{"start":{"line":47,"column":42},"end":{"line":47,"column":null}},"13":{"start":{"line":50,"column":10},"end":{"line":53,"column":null}},"14":{"start":{"line":51,"column":14},"end":{"line":51,"column":null}},"15":{"start":{"line":56,"column":4},"end":{"line":73,"column":null}},"16":{"start":{"line":57,"column":35},"end":{"line":70,"column":null}},"17":{"start":{"line":58,"column":12},"end":{"line":58,"column":null}},"18":{"start":{"line":59,"column":12},"end":{"line":69,"column":null}},"19":{"start":{"line":61,"column":45},"end":{"line":61,"column":null}},"20":{"start":{"line":62,"column":16},"end":{"line":62,"column":null}},"21":{"start":{"line":64,"column":16},"end":{"line":64,"column":null}},"22":{"start":{"line":66,"column":16},"end":{"line":66,"column":null}},"23":{"start":{"line":68,"column":16},"end":{"line":68,"column":null}},"24":{"start":{"line":72,"column":8},"end":{"line":72,"column":null}},"25":{"start":{"line":76,"column":10},"end":{"line":76,"column":null}},"26":{"start":{"line":77,"column":10},"end":{"line":77,"column":null}},"27":{"start":{"line":78,"column":10},"end":{"line":78,"column":null}},"28":{"start":{"line":81,"column":10},"end":{"line":90,"column":null}},"29":{"start":{"line":92,"column":25},"end":{"line":111,"column":null}},"30":{"start":{"line":93,"column":8},"end":{"line":93,"column":null}},"31":{"start":{"line":93,"column":26},"end":{"line":93,"column":null}},"32":{"start":{"line":94,"column":8},"end":{"line":94,"column":null}},"33":{"start":{"line":96,"column":8},"end":{"line":110,"column":null}},"34":{"start":{"line":97,"column":12},"end":{"line":105,"column":null}},"35":{"start":{"line":106,"column":12},"end":{"line":106,"column":null}},"36":{"start":{"line":108,"column":12},"end":{"line":108,"column":null}},"37":{"start":{"line":109,"column":12},"end":{"line":109,"column":null}},"38":{"start":{"line":114,"column":4},"end":{"line":121,"column":null}},"39":{"start":{"line":115,"column":8},"end":{"line":119,"column":null}},"40":{"start":{"line":124,"column":4},"end":{"line":277,"column":null}},"41":{"start":{"line":137,"column":41},"end":{"line":137,"column":null}},"42":{"start":{"line":147,"column":41},"end":{"line":147,"column":null}},"43":{"start":{"line":157,"column":41},"end":{"line":157,"column":null}},"44":{"start":{"line":173,"column":41},"end":{"line":173,"column":null}},"45":{"start":{"line":189,"column":41},"end":{"line":189,"column":null}},"46":{"start":{"line":205,"column":56},"end":{"line":205,"column":null}},"47":{"start":{"line":208,"column":28},"end":{"line":221,"column":null}},"48":{"start":{"line":230,"column":47},"end":{"line":230,"column":null}},"49":{"start":{"line":231,"column":56},"end":{"line":231,"column":null}},"50":{"start":{"line":232,"column":58},"end":{"line":232,"column":80}},"51":{"start":{"line":234,"column":28},"end":{"line":234,"column":null}},"52":{"start":{"line":236,"column":49},"end":{"line":236,"column":null}},"53":{"start":{"line":248,"column":41},"end":{"line":248,"column":null}},"54":{"start":{"line":258,"column":41},"end":{"line":258,"column":null}}},"fnMap":{"0":{"name":"RegisterPage","decl":{"start":{"line":30,"column":24},"end":{"line":30,"column":39}},"loc":{"start":{"line":30,"column":39},"end":{"line":279,"column":null}},"line":30},"1":{"name":"(anonymous_1)","decl":{"start":{"line":51,"column":8},"end":{"line":51,"column":14}},"loc":{"start":{"line":51,"column":14},"end":{"line":51,"column":null}},"line":51},"2":{"name":"(anonymous_2)","decl":{"start":{"line":56,"column":14},"end":{"line":56,"column":20}},"loc":{"start":{"line":56,"column":20},"end":{"line":73,"column":7}},"line":56},"3":{"name":"(anonymous_3)","decl":{"start":{"line":57,"column":35},"end":{"line":57,"column":47}},"loc":{"start":{"line":57,"column":47},"end":{"line":70,"column":null}},"line":57},"4":{"name":"(anonymous_4)","decl":{"start":{"line":92,"column":25},"end":{"line":92,"column":37}},"loc":{"start":{"line":92,"column":37},"end":{"line":111,"column":null}},"line":92},"5":{"name":"(anonymous_5)","decl":{"start":{"line":137,"column":34},"end":{"line":137,"column":35}},"loc":{"start":{"line":137,"column":41},"end":{"line":137,"column":null}},"line":137},"6":{"name":"(anonymous_6)","decl":{"start":{"line":147,"column":34},"end":{"line":147,"column":35}},"loc":{"start":{"line":147,"column":41},"end":{"line":147,"column":null}},"line":147},"7":{"name":"(anonymous_7)","decl":{"start":{"line":157,"column":34},"end":{"line":157,"column":35}},"loc":{"start":{"line":157,"column":41},"end":{"line":157,"column":null}},"line":157},"8":{"name":"(anonymous_8)","decl":{"start":{"line":173,"column":34},"end":{"line":173,"column":35}},"loc":{"start":{"line":173,"column":41},"end":{"line":173,"column":null}},"line":173},"9":{"name":"(anonymous_9)","decl":{"start":{"line":189,"column":34},"end":{"line":189,"column":35}},"loc":{"start":{"line":189,"column":41},"end":{"line":189,"column":null}},"line":189},"10":{"name":"(anonymous_10)","decl":{"start":{"line":205,"column":39},"end":{"line":205,"column":40}},"loc":{"start":{"line":205,"column":56},"end":{"line":205,"column":null}},"line":205},"11":{"name":"(anonymous_11)","decl":{"start":{"line":207,"column":37},"end":{"line":207,"column":38}},"loc":{"start":{"line":208,"column":28},"end":{"line":221,"column":null}},"line":208},"12":{"name":"(anonymous_12)","decl":{"start":{"line":230,"column":40},"end":{"line":230,"column":41}},"loc":{"start":{"line":230,"column":47},"end":{"line":230,"column":null}},"line":230},"13":{"name":"(anonymous_13)","decl":{"start":{"line":231,"column":46},"end":{"line":231,"column":47}},"loc":{"start":{"line":231,"column":56},"end":{"line":231,"column":null}},"line":231},"14":{"name":"(anonymous_14)","decl":{"start":{"line":232,"column":51},"end":{"line":232,"column":52}},"loc":{"start":{"line":232,"column":58},"end":{"line":232,"column":80}},"line":232},"15":{"name":"(anonymous_15)","decl":{"start":{"line":233,"column":34},"end":{"line":233,"column":35}},"loc":{"start":{"line":233,"column":51},"end":{"line":235,"column":null}},"line":233},"16":{"name":"(anonymous_16)","decl":{"start":{"line":236,"column":37},"end":{"line":236,"column":38}},"loc":{"start":{"line":236,"column":49},"end":{"line":236,"column":null}},"line":236},"17":{"name":"(anonymous_17)","decl":{"start":{"line":248,"column":34},"end":{"line":248,"column":35}},"loc":{"start":{"line":248,"column":41},"end":{"line":248,"column":null}},"line":248},"18":{"name":"(anonymous_18)","decl":{"start":{"line":258,"column":34},"end":{"line":258,"column":35}},"loc":{"start":{"line":258,"column":41},"end":{"line":258,"column":null}},"line":258}},"branchMap":{"0":{"loc":{"start":{"line":81,"column":10},"end":{"line":90,"column":null}},"type":"binary-expr","locations":[{"start":{"line":81,"column":10},"end":{"line":82,"column":null}},{"start":{"line":82,"column":28},"end":{"line":83,"column":null}},{"start":{"line":84,"column":8},"end":{"line":84,"column":null}},{"start":{"line":85,"column":8},"end":{"line":85,"column":null}},{"start":{"line":86,"column":8},"end":{"line":86,"column":null}},{"start":{"line":86,"column":8},"end":{"line":87,"column":null}},{"start":{"line":87,"column":31},"end":{"line":88,"column":null}},{"start":{"line":88,"column":30},"end":{"line":89,"column":null}},{"start":{"line":90,"column":8},"end":{"line":90,"column":null}}],"line":81},"1":{"loc":{"start":{"line":93,"column":8},"end":{"line":93,"column":null}},"type":"if","locations":[{"start":{"line":93,"column":8},"end":{"line":93,"column":null}},{"start":{},"end":{}}],"line":93},"2":{"loc":{"start":{"line":109,"column":21},"end":{"line":109,"column":79}},"type":"cond-expr","locations":[{"start":{"line":109,"column":44},"end":{"line":109,"column":58}},{"start":{"line":109,"column":58},"end":{"line":109,"column":79}}],"line":109},"3":{"loc":{"start":{"line":114,"column":4},"end":{"line":121,"column":null}},"type":"if","locations":[{"start":{"line":114,"column":4},"end":{"line":121,"column":null}},{"start":{},"end":{}}],"line":114},"4":{"loc":{"start":{"line":158,"column":24},"end":{"line":158,"column":null}},"type":"binary-expr","locations":[{"start":{"line":158,"column":24},"end":{"line":158,"column":52}},{"start":{"line":158,"column":52},"end":{"line":158,"column":null}}],"line":158},"5":{"loc":{"start":{"line":160,"column":28},"end":{"line":162,"column":null}},"type":"cond-expr","locations":[{"start":{"line":161,"column":34},"end":{"line":161,"column":null}},{"start":{"line":162,"column":34},"end":{"line":162,"column":null}}],"line":160},"6":{"loc":{"start":{"line":160,"column":28},"end":{"line":160,"column":null}},"type":"binary-expr","locations":[{"start":{"line":160,"column":28},"end":{"line":160,"column":45}},{"start":{"line":160,"column":29},"end":{"line":160,"column":null}}],"line":160},"7":{"loc":{"start":{"line":174,"column":24},"end":{"line":174,"column":null}},"type":"binary-expr","locations":[{"start":{"line":174,"column":24},"end":{"line":174,"column":55}},{"start":{"line":174,"column":55},"end":{"line":174,"column":null}}],"line":174},"8":{"loc":{"start":{"line":175,"column":24},"end":{"line":178,"column":null}},"type":"cond-expr","locations":[{"start":{"line":177,"column":34},"end":{"line":177,"column":null}},{"start":{"line":178,"column":34},"end":{"line":178,"column":null}}],"line":175},"9":{"loc":{"start":{"line":175,"column":24},"end":{"line":176,"column":null}},"type":"binary-expr","locations":[{"start":{"line":175,"column":24},"end":{"line":176,"column":52}},{"start":{"line":176,"column":52},"end":{"line":176,"column":null}}],"line":175},"10":{"loc":{"start":{"line":190,"column":24},"end":{"line":190,"column":null}},"type":"binary-expr","locations":[{"start":{"line":190,"column":24},"end":{"line":190,"column":54}},{"start":{"line":190,"column":54},"end":{"line":190,"column":null}}],"line":190},"11":{"loc":{"start":{"line":192,"column":28},"end":{"line":194,"column":null}},"type":"cond-expr","locations":[{"start":{"line":193,"column":34},"end":{"line":193,"column":null}},{"start":{"line":194,"column":34},"end":{"line":194,"column":null}}],"line":192},"12":{"loc":{"start":{"line":192,"column":28},"end":{"line":192,"column":null}},"type":"binary-expr","locations":[{"start":{"line":192,"column":28},"end":{"line":192,"column":50}},{"start":{"line":192,"column":29},"end":{"line":192,"column":null}}],"line":192},"13":{"loc":{"start":{"line":216,"column":45},"end":{"line":216,"column":null}},"type":"cond-expr","locations":[{"start":{"line":216,"column":68},"end":{"line":216,"column":101}},{"start":{"line":216,"column":101},"end":{"line":216,"column":null}}],"line":216},"14":{"loc":{"start":{"line":232,"column":31},"end":{"line":232,"column":null}},"type":"binary-expr","locations":[{"start":{"line":232,"column":31},"end":{"line":232,"column":85}},{"start":{"line":232,"column":85},"end":{"line":232,"column":null}}],"line":232},"15":{"loc":{"start":{"line":234,"column":43},"end":{"line":234,"column":72}},"type":"cond-expr","locations":[{"start":{"line":234,"column":54},"end":{"line":234,"column":70}},{"start":{"line":234,"column":70},"end":{"line":234,"column":72}}],"line":234}},"s":{"0":174,"1":174,"2":174,"3":174,"4":174,"5":174,"6":174,"7":174,"8":174,"9":174,"10":174,"11":174,"12":174,"13":174,"14":5,"15":174,"16":5,"17":5,"18":5,"19":5,"20":5,"21":0,"22":0,"23":5,"24":5,"25":174,"26":174,"27":174,"28":174,"29":174,"30":2,"31":0,"32":2,"33":2,"34":2,"35":1,"36":1,"37":1,"38":174,"39":2,"40":172,"41":8,"42":6,"43":32,"44":31,"45":34,"46":8,"47":184,"48":4311,"49":0,"50":35300,"51":2,"52":198,"53":38,"54":2},"f":{"0":174,"1":5,"2":5,"3":5,"4":2,"5":8,"6":6,"7":32,"8":31,"9":34,"10":8,"11":184,"12":4311,"13":0,"14":35300,"15":2,"16":198,"17":38,"18":2},"b":{"0":[174,136,128,96,74,56,54,46,44],"1":[0,2],"2":[1,0],"3":[2,172],"4":[172,120],"5":[26,146],"6":[174,78],"7":[174,116],"8":[30,142],"9":[174,116],"10":[174,95],"11":[40,132],"12":[174,62],"13":[10,174],"14":[174,128],"15":[2,0]},"meta":{"lastBranch":16,"lastFunction":19,"lastStatement":55,"seen":{"f:30:24:30:39":0,"s:31:34:31:Infinity":0,"s:32:26:32:Infinity":1,"s:35:54:35:Infinity":2,"s:36:56:36:Infinity":3,"s:39:34:39:Infinity":4,"s:40:32:40:Infinity":5,"s:41:26:41:Infinity":6,"s:42:40:42:Infinity":7,"s:43:38:43:Infinity":8,"s:44:26:44:Infinity":9,"s:45:32:45:Infinity":10,"s:46:30:46:Infinity":11,"s:47:42:47:Infinity":12,"s:50:10:53:Infinity":13,"f:51:8:51:14":1,"s:51:14:51:Infinity":14,"s:56:4:73:Infinity":15,"f:56:14:56:20":2,"s:57:35:70:Infinity":16,"f:57:35:57:47":3,"s:58:12:58:Infinity":17,"s:59:12:69:Infinity":18,"s:61:45:61:Infinity":19,"s:62:16:62:Infinity":20,"s:64:16:64:Infinity":21,"s:66:16:66:Infinity":22,"s:68:16:68:Infinity":23,"s:72:8:72:Infinity":24,"s:76:10:76:Infinity":25,"s:77:10:77:Infinity":26,"s:78:10:78:Infinity":27,"s:81:10:90:Infinity":28,"b:81:10:82:Infinity:82:28:83:Infinity:84:8:84:Infinity:85:8:85:Infinity:86:8:86:Infinity:86:8:87:Infinity:87:31:88:Infinity:88:30:89:Infinity:90:8:90:Infinity":0,"s:92:25:111:Infinity":29,"f:92:25:92:37":4,"b:93:8:93:Infinity:undefined:undefined:undefined:undefined":1,"s:93:8:93:Infinity":30,"s:93:26:93:Infinity":31,"s:94:8:94:Infinity":32,"s:96:8:110:Infinity":33,"s:97:12:105:Infinity":34,"s:106:12:106:Infinity":35,"s:108:12:108:Infinity":36,"s:109:12:109:Infinity":37,"b:109:44:109:58:109:58:109:79":2,"b:114:4:121:Infinity:undefined:undefined:undefined:undefined":3,"s:114:4:121:Infinity":38,"s:115:8:119:Infinity":39,"s:124:4:277:Infinity":40,"f:137:34:137:35":5,"s:137:41:137:Infinity":41,"f:147:34:147:35":6,"s:147:41:147:Infinity":42,"f:157:34:157:35":7,"s:157:41:157:Infinity":43,"b:158:24:158:52:158:52:158:Infinity":4,"b:161:34:161:Infinity:162:34:162:Infinity":5,"b:160:28:160:45:160:29:160:Infinity":6,"f:173:34:173:35":8,"s:173:41:173:Infinity":44,"b:174:24:174:55:174:55:174:Infinity":7,"b:177:34:177:Infinity:178:34:178:Infinity":8,"b:175:24:176:52:176:52:176:Infinity":9,"f:189:34:189:35":9,"s:189:41:189:Infinity":45,"b:190:24:190:54:190:54:190:Infinity":10,"b:193:34:193:Infinity:194:34:194:Infinity":11,"b:192:28:192:50:192:29:192:Infinity":12,"f:205:39:205:40":10,"s:205:56:205:Infinity":46,"f:207:37:207:38":11,"s:208:28:221:Infinity":47,"b:216:68:216:101:216:101:216:Infinity":13,"f:230:40:230:41":12,"s:230:47:230:Infinity":48,"f:231:46:231:47":13,"s:231:56:231:Infinity":49,"b:232:31:232:85:232:85:232:Infinity":14,"f:232:51:232:52":14,"s:232:58:232:80":50,"f:233:34:233:35":15,"s:234:28:234:Infinity":51,"b:234:54:234:70:234:70:234:72":15,"f:236:37:236:38":16,"s:236:49:236:Infinity":52,"f:248:34:248:35":17,"s:248:41:248:Infinity":53,"f:258:34:258:35":18,"s:258:41:258:Infinity":54}}}
,"C:\\Users\\blamjarad\\Documents\\Github\\ecopart_front\\src\\features\\auth\\pages\\ResetPasswordConfirmPage.tsx": {"path":"C:\\Users\\blamjarad\\Documents\\Github\\ecopart_front\\src\\features\\auth\\pages\\ResetPasswordConfirmPage.tsx","statementMap":{"0":{"start":{"line":18,"column":18},"end":{"line":18,"column":null}},"1":{"start":{"line":19,"column":10},"end":{"line":19,"column":null}},"2":{"start":{"line":22,"column":32},"end":{"line":22,"column":null}},"3":{"start":{"line":23,"column":30},"end":{"line":23,"column":null}},"4":{"start":{"line":26,"column":26},"end":{"line":26,"column":null}},"5":{"start":{"line":27,"column":30},"end":{"line":27,"column":null}},"6":{"start":{"line":31,"column":10},"end":{"line":31,"column":null}},"7":{"start":{"line":32,"column":10},"end":{"line":32,"column":null}},"8":{"start":{"line":34,"column":10},"end":{"line":35,"column":null}},"9":{"start":{"line":37,"column":25},"end":{"line":53,"column":null}},"10":{"start":{"line":38,"column":8},"end":{"line":38,"column":null}},"11":{"start":{"line":38,"column":36},"end":{"line":38,"column":null}},"12":{"start":{"line":40,"column":8},"end":{"line":40,"column":null}},"13":{"start":{"line":41,"column":8},"end":{"line":41,"column":null}},"14":{"start":{"line":43,"column":8},"end":{"line":52,"column":null}},"15":{"start":{"line":44,"column":12},"end":{"line":44,"column":null}},"16":{"start":{"line":46,"column":12},"end":{"line":48,"column":null}},"17":{"start":{"line":50,"column":12},"end":{"line":50,"column":null}},"18":{"start":{"line":51,"column":12},"end":{"line":51,"column":null}},"19":{"start":{"line":55,"column":4},"end":{"line":103,"column":null}},"20":{"start":{"line":67,"column":33},"end":{"line":67,"column":null}},"21":{"start":{"line":83,"column":33},"end":{"line":83,"column":null}}},"fnMap":{"0":{"name":"ResetPasswordConfirmPage","decl":{"start":{"line":17,"column":24},"end":{"line":17,"column":51}},"loc":{"start":{"line":17,"column":51},"end":{"line":105,"column":null}},"line":17},"1":{"name":"(anonymous_1)","decl":{"start":{"line":37,"column":25},"end":{"line":37,"column":37}},"loc":{"start":{"line":37,"column":37},"end":{"line":53,"column":null}},"line":37},"2":{"name":"(anonymous_2)","decl":{"start":{"line":67,"column":26},"end":{"line":67,"column":27}},"loc":{"start":{"line":67,"column":33},"end":{"line":67,"column":null}},"line":67},"3":{"name":"(anonymous_3)","decl":{"start":{"line":83,"column":26},"end":{"line":83,"column":27}},"loc":{"start":{"line":83,"column":33},"end":{"line":83,"column":null}},"line":83}},"branchMap":{"0":{"loc":{"start":{"line":34,"column":10},"end":{"line":35,"column":null}},"type":"binary-expr","locations":[{"start":{"line":34,"column":10},"end":{"line":35,"column":32}},{"start":{"line":35,"column":32},"end":{"line":35,"column":51}},{"start":{"line":35,"column":51},"end":{"line":35,"column":null}}],"line":34},"1":{"loc":{"start":{"line":38,"column":8},"end":{"line":38,"column":null}},"type":"if","locations":[{"start":{"line":38,"column":8},"end":{"line":38,"column":null}},{"start":{},"end":{}}],"line":38},"2":{"loc":{"start":{"line":38,"column":12},"end":{"line":38,"column":36}},"type":"binary-expr","locations":[{"start":{"line":38,"column":12},"end":{"line":38,"column":22}},{"start":{"line":38,"column":22},"end":{"line":38,"column":36}}],"line":38},"3":{"loc":{"start":{"line":50,"column":21},"end":{"line":50,"column":76}},"type":"cond-expr","locations":[{"start":{"line":50,"column":44},"end":{"line":50,"column":58}},{"start":{"line":50,"column":58},"end":{"line":50,"column":76}}],"line":50},"4":{"loc":{"start":{"line":68,"column":16},"end":{"line":68,"column":null}},"type":"binary-expr","locations":[{"start":{"line":68,"column":16},"end":{"line":68,"column":47}},{"start":{"line":68,"column":47},"end":{"line":68,"column":null}}],"line":68},"5":{"loc":{"start":{"line":70,"column":16},"end":{"line":73,"column":null}},"type":"cond-expr","locations":[{"start":{"line":72,"column":26},"end":{"line":72,"column":null}},{"start":{"line":73,"column":26},"end":{"line":73,"column":null}}],"line":70},"6":{"loc":{"start":{"line":70,"column":16},"end":{"line":71,"column":null}},"type":"binary-expr","locations":[{"start":{"line":70,"column":16},"end":{"line":71,"column":44}},{"start":{"line":71,"column":44},"end":{"line":71,"column":null}}],"line":70},"7":{"loc":{"start":{"line":84,"column":16},"end":{"line":84,"column":null}},"type":"binary-expr","locations":[{"start":{"line":84,"column":16},"end":{"line":84,"column":46}},{"start":{"line":84,"column":46},"end":{"line":84,"column":null}}],"line":84},"8":{"loc":{"start":{"line":85,"column":16},"end":{"line":88,"column":null}},"type":"cond-expr","locations":[{"start":{"line":87,"column":26},"end":{"line":87,"column":null}},{"start":{"line":88,"column":26},"end":{"line":88,"column":null}}],"line":85},"9":{"loc":{"start":{"line":85,"column":16},"end":{"line":86,"column":null}},"type":"binary-expr","locations":[{"start":{"line":85,"column":16},"end":{"line":86,"column":43}},{"start":{"line":86,"column":43},"end":{"line":86,"column":null}}],"line":85},"10":{"loc":{"start":{"line":97,"column":26},"end":{"line":97,"column":null}},"type":"binary-expr","locations":[{"start":{"line":97,"column":26},"end":{"line":97,"column":42}},{"start":{"line":97,"column":42},"end":{"line":97,"column":null}}],"line":97},"11":{"loc":{"start":{"line":101,"column":17},"end":{"line":101,"column":null}},"type":"cond-expr","locations":[{"start":{"line":101,"column":27},"end":{"line":101,"column":39}},{"start":{"line":101,"column":39},"end":{"line":101,"column":null}}],"line":101}},"s":{"0":91,"1":91,"2":91,"3":91,"4":91,"5":91,"6":91,"7":91,"8":91,"9":91,"10":2,"11":0,"12":2,"13":2,"14":2,"15":2,"16":1,"17":1,"18":1,"19":91,"20":40,"21":43},"f":{"0":91,"1":2,"2":40,"3":43},"b":{"0":[91,85,47],"1":[0,2],"2":[2,2],"3":[1,0],"4":[91,85],"5":[38,53],"6":[91,85],"7":[91,55],"8":[49,42],"9":[91,55],"10":[91,6],"11":[2,89]},"meta":{"lastBranch":12,"lastFunction":4,"lastStatement":22,"seen":{"f:17:24:17:51":0,"s:18:18:18:Infinity":0,"s:19:10:19:Infinity":1,"s:22:32:22:Infinity":2,"s:23:30:23:Infinity":3,"s:26:26:26:Infinity":4,"s:27:30:27:Infinity":5,"s:31:10:31:Infinity":6,"s:32:10:32:Infinity":7,"s:34:10:35:Infinity":8,"b:34:10:35:32:35:32:35:51:35:51:35:Infinity":0,"s:37:25:53:Infinity":9,"f:37:25:37:37":1,"b:38:8:38:Infinity:undefined:undefined:undefined:undefined":1,"s:38:8:38:Infinity":10,"b:38:12:38:22:38:22:38:36":2,"s:38:36:38:Infinity":11,"s:40:8:40:Infinity":12,"s:41:8:41:Infinity":13,"s:43:8:52:Infinity":14,"s:44:12:44:Infinity":15,"s:46:12:48:Infinity":16,"s:50:12:50:Infinity":17,"b:50:44:50:58:50:58:50:76":3,"s:51:12:51:Infinity":18,"s:55:4:103:Infinity":19,"f:67:26:67:27":2,"s:67:33:67:Infinity":20,"b:68:16:68:47:68:47:68:Infinity":4,"b:72:26:72:Infinity:73:26:73:Infinity":5,"b:70:16:71:44:71:44:71:Infinity":6,"f:83:26:83:27":3,"s:83:33:83:Infinity":21,"b:84:16:84:46:84:46:84:Infinity":7,"b:87:26:87:Infinity:88:26:88:Infinity":8,"b:85:16:86:43:86:43:86:Infinity":9,"b:97:26:97:42:97:42:97:Infinity":10,"b:101:27:101:39:101:39:101:Infinity":11}}}
,"C:\\Users\\blamjarad\\Documents\\Github\\ecopart_front\\src\\features\\auth\\pages\\ResetPasswordPage.tsx": {"path":"C:\\Users\\blamjarad\\Documents\\Github\\ecopart_front\\src\\features\\auth\\pages\\ResetPasswordPage.tsx","statementMap":{"0":{"start":{"line":12,"column":26},"end":{"line":12,"column":null}},"1":{"start":{"line":13,"column":34},"end":{"line":13,"column":null}},"2":{"start":{"line":15,"column":10},"end":{"line":15,"column":null}},"3":{"start":{"line":17,"column":25},"end":{"line":27,"column":null}},"4":{"start":{"line":18,"column":8},"end":{"line":18,"column":null}},"5":{"start":{"line":18,"column":27},"end":{"line":18,"column":null}},"6":{"start":{"line":20,"column":8},"end":{"line":26,"column":null}},"7":{"start":{"line":21,"column":12},"end":{"line":21,"column":null}},"8":{"start":{"line":25,"column":12},"end":{"line":25,"column":null}},"9":{"start":{"line":30,"column":4},"end":{"line":37,"column":null}},"10":{"start":{"line":31,"column":8},"end":{"line":35,"column":null}},"11":{"start":{"line":40,"column":4},"end":{"line":73,"column":null}},"12":{"start":{"line":54,"column":33},"end":{"line":54,"column":null}}},"fnMap":{"0":{"name":"ResetPasswordPage","decl":{"start":{"line":11,"column":24},"end":{"line":11,"column":44}},"loc":{"start":{"line":11,"column":44},"end":{"line":75,"column":null}},"line":11},"1":{"name":"(anonymous_1)","decl":{"start":{"line":17,"column":25},"end":{"line":17,"column":37}},"loc":{"start":{"line":17,"column":37},"end":{"line":27,"column":null}},"line":17},"2":{"name":"(anonymous_2)","decl":{"start":{"line":54,"column":26},"end":{"line":54,"column":27}},"loc":{"start":{"line":54,"column":33},"end":{"line":54,"column":null}},"line":54}},"branchMap":{"0":{"loc":{"start":{"line":18,"column":8},"end":{"line":18,"column":null}},"type":"if","locations":[{"start":{"line":18,"column":8},"end":{"line":18,"column":null}},{"start":{},"end":{}}],"line":18},"1":{"loc":{"start":{"line":30,"column":4},"end":{"line":37,"column":null}},"type":"if","locations":[{"start":{"line":30,"column":4},"end":{"line":37,"column":null}},{"start":{},"end":{}}],"line":30},"2":{"loc":{"start":{"line":55,"column":16},"end":{"line":55,"column":null}},"type":"binary-expr","locations":[{"start":{"line":55,"column":16},"end":{"line":55,"column":44}},{"start":{"line":55,"column":44},"end":{"line":55,"column":null}}],"line":55},"3":{"loc":{"start":{"line":56,"column":16},"end":{"line":59,"column":null}},"type":"cond-expr","locations":[{"start":{"line":58,"column":26},"end":{"line":58,"column":null}},{"start":{"line":59,"column":26},"end":{"line":59,"column":null}}],"line":56},"4":{"loc":{"start":{"line":56,"column":16},"end":{"line":57,"column":null}},"type":"binary-expr","locations":[{"start":{"line":56,"column":16},"end":{"line":57,"column":41}},{"start":{"line":57,"column":41},"end":{"line":57,"column":null}}],"line":56}},"s":{"0":56,"1":56,"2":56,"3":56,"4":2,"5":0,"6":2,"7":2,"8":2,"9":56,"10":2,"11":54,"12":50},"f":{"0":56,"1":2,"2":50},"b":{"0":[0,2],"1":[2,54],"2":[54,50],"3":[41,13],"4":[56,50]},"meta":{"lastBranch":5,"lastFunction":3,"lastStatement":13,"seen":{"f:11:24:11:44":0,"s:12:26:12:Infinity":0,"s:13:34:13:Infinity":1,"s:15:10:15:Infinity":2,"s:17:25:27:Infinity":3,"f:17:25:17:37":1,"b:18:8:18:Infinity:undefined:undefined:undefined:undefined":0,"s:18:8:18:Infinity":4,"s:18:27:18:Infinity":5,"s:20:8:26:Infinity":6,"s:21:12:21:Infinity":7,"s:25:12:25:Infinity":8,"b:30:4:37:Infinity:undefined:undefined:undefined:undefined":1,"s:30:4:37:Infinity":9,"s:31:8:35:Infinity":10,"s:40:4:73:Infinity":11,"f:54:26:54:27":2,"s:54:33:54:Infinity":12,"b:55:16:55:44:55:44:55:Infinity":2,"b:58:26:58:Infinity:59:26:59:Infinity":3,"b:56:16:57:41:57:41:57:Infinity":4}}}
,"C:\\Users\\blamjarad\\Documents\\Github\\ecopart_front\\src\\features\\auth\\store\\auth.store.ts": {"path":"C:\\Users\\blamjarad\\Documents\\Github\\ecopart_front\\src\\features\\auth\\store\\auth.store.ts","statementMap":{"0":{"start":{"line":14,"column":13},"end":{"line":40,"column":null}},"1":{"start":{"line":14,"column":56},"end":{"line":40,"column":2}},"2":{"start":{"line":21,"column":8},"end":{"line":25,"column":null}},"3":{"start":{"line":28,"column":8},"end":{"line":32,"column":null}},"4":{"start":{"line":35,"column":8},"end":{"line":37,"column":null}},"5":{"start":{"line":39,"column":29},"end":{"line":39,"column":null}}},"fnMap":{"0":{"name":"(anonymous_0)","decl":{"start":{"line":14,"column":46},"end":{"line":14,"column":47}},"loc":{"start":{"line":14,"column":56},"end":{"line":40,"column":2}},"line":14},"1":{"name":"(anonymous_1)","decl":{"start":{"line":20,"column":13},"end":{"line":20,"column":14}},"loc":{"start":{"line":21,"column":8},"end":{"line":25,"column":null}},"line":21},"2":{"name":"(anonymous_2)","decl":{"start":{"line":27,"column":15},"end":{"line":27,"column":null}},"loc":{"start":{"line":28,"column":8},"end":{"line":32,"column":null}},"line":28},"3":{"name":"(anonymous_3)","decl":{"start":{"line":34,"column":23},"end":{"line":34,"column":null}},"loc":{"start":{"line":35,"column":8},"end":{"line":37,"column":null}},"line":35},"4":{"name":"(anonymous_4)","decl":{"start":{"line":39,"column":16},"end":{"line":39,"column":17}},"loc":{"start":{"line":39,"column":29},"end":{"line":39,"column":null}},"line":39}},"branchMap":{},"s":{"0":20,"1":20,"2":2,"3":1,"4":0,"5":0},"f":{"0":20,"1":2,"2":1,"3":0,"4":0},"b":{},"meta":{"lastBranch":0,"lastFunction":5,"lastStatement":6,"seen":{"s:14:13:40:Infinity":0,"f:14:46:14:47":0,"s:14:56:40:2":1,"f:20:13:20:14":1,"s:21:8:25:Infinity":2,"f:27:15:27:Infinity":2,"s:28:8:32:Infinity":3,"f:34:23:34:Infinity":3,"s:35:8:37:Infinity":4,"f:39:16:39:17":4,"s:39:29:39:Infinity":5}}}
,"C:\\Users\\blamjarad\\Documents\\Github\\ecopart_front\\src\\features\\projects\\api\\projects.api.ts": {"path":"C:\\Users\\blamjarad\\Documents\\Github\\ecopart_front\\src\\features\\projects\\api\\projects.api.ts","statementMap":{"0":{"start":{"line":118,"column":8},"end":{"line":122,"column":null}},"1":{"start":{"line":125,"column":8},"end":{"line":127,"column":null}},"2":{"start":{"line":130,"column":8},"end":{"line":132,"column":null}},"3":{"start":{"line":136,"column":8},"end":{"line":138,"column":null}},"4":{"start":{"line":140,"column":4},"end":{"line":147,"column":null}},"5":{"start":{"line":156,"column":18},"end":{"line":159,"column":null}},"6":{"start":{"line":161,"column":4},"end":{"line":163,"column":null}},"7":{"start":{"line":162,"column":8},"end":{"line":162,"column":null}},"8":{"start":{"line":167,"column":24},"end":{"line":173,"column":null}},"9":{"start":{"line":175,"column":4},"end":{"line":175,"column":null}},"10":{"start":{"line":262,"column":4},"end":{"line":265,"column":null}},"11":{"start":{"line":275,"column":21},"end":{"line":279,"column":null}},"12":{"start":{"line":281,"column":4},"end":{"line":283,"column":null}},"13":{"start":{"line":282,"column":8},"end":{"line":282,"column":null}},"14":{"start":{"line":285,"column":4},"end":{"line":285,"column":null}},"15":{"start":{"line":296,"column":4},"end":{"line":299,"column":null}},"16":{"start":{"line":324,"column":16},"end":{"line":326,"column":null}},"17":{"start":{"line":328,"column":4},"end":{"line":330,"column":null}},"18":{"start":{"line":338,"column":19},"end":{"line":338,"column":null}},"19":{"start":{"line":340,"column":4},"end":{"line":342,"column":null}}},"fnMap":{"0":{"name":"normalizeProjectSearchResponse","decl":{"start":{"line":114,"column":9},"end":{"line":114,"column":null}},"loc":{"start":{"line":116,"column":25},"end":{"line":148,"column":null}},"line":116},"1":{"name":"searchProjects","decl":{"start":{"line":153,"column":22},"end":{"line":153,"column":null}},"loc":{"start":{"line":155,"column":34},"end":{"line":176,"column":null}},"line":155},"2":{"name":"createProject","decl":{"start":{"line":259,"column":22},"end":{"line":259,"column":null}},"loc":{"start":{"line":261,"column":20},"end":{"line":266,"column":null}},"line":261},"3":{"name":"getProjectById","decl":{"start":{"line":272,"column":22},"end":{"line":272,"column":null}},"loc":{"start":{"line":274,"column":20},"end":{"line":286,"column":null}},"line":274},"4":{"name":"updateProject","decl":{"start":{"line":292,"column":22},"end":{"line":292,"column":null}},"loc":{"start":{"line":295,"column":20},"end":{"line":300,"column":null}},"line":295},"5":{"name":"getImportFolders","decl":{"start":{"line":322,"column":22},"end":{"line":322,"column":39}},"loc":{"start":{"line":322,"column":79},"end":{"line":331,"column":null}},"line":322},"6":{"name":"getImportFolderMetadata","decl":{"start":{"line":336,"column":22},"end":{"line":336,"column":46}},"loc":{"start":{"line":336,"column":105},"end":{"line":343,"column":null}},"line":336}},"branchMap":{"0":{"loc":{"start":{"line":118,"column":8},"end":{"line":122,"column":null}},"type":"binary-expr","locations":[{"start":{"line":118,"column":8},"end":{"line":118,"column":null}},{"start":{"line":119,"column":8},"end":{"line":119,"column":null}},{"start":{"line":120,"column":8},"end":{"line":120,"column":null}},{"start":{"line":121,"column":8},"end":{"line":121,"column":null}},{"start":{"line":122,"column":8},"end":{"line":122,"column":null}}],"line":118},"1":{"loc":{"start":{"line":125,"column":8},"end":{"line":127,"column":null}},"type":"binary-expr","locations":[{"start":{"line":125,"column":8},"end":{"line":125,"column":null}},{"start":{"line":126,"column":8},"end":{"line":126,"column":null}},{"start":{"line":127,"column":8},"end":{"line":127,"column":null}}],"line":125},"2":{"loc":{"start":{"line":130,"column":8},"end":{"line":132,"column":null}},"type":"binary-expr","locations":[{"start":{"line":130,"column":8},"end":{"line":130,"column":null}},{"start":{"line":131,"column":8},"end":{"line":131,"column":null}},{"start":{"line":132,"column":8},"end":{"line":132,"column":null}}],"line":130},"3":{"loc":{"start":{"line":136,"column":8},"end":{"line":138,"column":null}},"type":"binary-expr","locations":[{"start":{"line":136,"column":8},"end":{"line":136,"column":null}},{"start":{"line":137,"column":8},"end":{"line":137,"column":null}},{"start":{"line":138,"column":9},"end":{"line":138,"column":null}}],"line":136},"4":{"loc":{"start":{"line":138,"column":9},"end":{"line":138,"column":null}},"type":"cond-expr","locations":[{"start":{"line":138,"column":31},"end":{"line":138,"column":49}},{"start":{"line":138,"column":49},"end":{"line":138,"column":null}}],"line":138},"5":{"loc":{"start":{"line":161,"column":4},"end":{"line":163,"column":null}},"type":"if","locations":[{"start":{"line":161,"column":4},"end":{"line":163,"column":null}},{"start":{},"end":{}}],"line":161},"6":{"loc":{"start":{"line":171,"column":33},"end":{"line":171,"column":53}},"type":"binary-expr","locations":[{"start":{"line":171,"column":33},"end":{"line":171,"column":51}},{"start":{"line":171,"column":51},"end":{"line":171,"column":53}}],"line":171},"7":{"loc":{"start":{"line":281,"column":4},"end":{"line":283,"column":null}},"type":"if","locations":[{"start":{"line":281,"column":4},"end":{"line":283,"column":null}},{"start":{},"end":{}}],"line":281},"8":{"loc":{"start":{"line":324,"column":16},"end":{"line":326,"column":null}},"type":"cond-expr","locations":[{"start":{"line":325,"column":10},"end":{"line":325,"column":null}},{"start":{"line":326,"column":10},"end":{"line":326,"column":null}}],"line":324}},"s":{"0":22,"1":22,"2":22,"3":22,"4":22,"5":24,"6":24,"7":10,"8":24,"9":22,"10":3,"11":14,"12":13,"13":13,"14":0,"15":4,"16":3,"17":3,"18":6,"19":6},"f":{"0":22,"1":24,"2":3,"3":14,"4":4,"5":3,"6":6},"b":{"0":[22,0,0,0,0],"1":[22,0,0],"2":[22,1,1],"3":[22,1,1],"4":[1,0],"5":[10,14],"6":[24,0],"7":[13,0],"8":[1,2]},"meta":{"lastBranch":9,"lastFunction":7,"lastStatement":20,"seen":{"f:114:9:114:Infinity":0,"s:118:8:122:Infinity":0,"b:118:8:118:Infinity:119:8:119:Infinity:120:8:120:Infinity:121:8:121:Infinity:122:8:122:Infinity":0,"s:125:8:127:Infinity":1,"b:125:8:125:Infinity:126:8:126:Infinity:127:8:127:Infinity":1,"s:130:8:132:Infinity":2,"b:130:8:130:Infinity:131:8:131:Infinity:132:8:132:Infinity":2,"s:136:8:138:Infinity":3,"b:136:8:136:Infinity:137:8:137:Infinity:138:9:138:Infinity":3,"b:138:31:138:49:138:49:138:Infinity":4,"s:140:4:147:Infinity":4,"f:153:22:153:Infinity":1,"s:156:18:159:Infinity":5,"b:161:4:163:Infinity:undefined:undefined:undefined:undefined":5,"s:161:4:163:Infinity":6,"s:162:8:162:Infinity":7,"s:167:24:173:Infinity":8,"b:171:33:171:51:171:51:171:53":6,"s:175:4:175:Infinity":9,"f:259:22:259:Infinity":2,"s:262:4:265:Infinity":10,"f:272:22:272:Infinity":3,"s:275:21:279:Infinity":11,"b:281:4:283:Infinity:undefined:undefined:undefined:undefined":7,"s:281:4:283:Infinity":12,"s:282:8:282:Infinity":13,"s:285:4:285:Infinity":14,"f:292:22:292:Infinity":4,"s:296:4:299:Infinity":15,"f:322:22:322:39":5,"s:324:16:326:Infinity":16,"b:325:10:325:Infinity:326:10:326:Infinity":8,"s:328:4:330:Infinity":17,"f:336:22:336:46":6,"s:338:19:338:Infinity":18,"s:340:4:342:Infinity":19}}}
,"C:\\Users\\blamjarad\\Documents\\Github\\ecopart_front\\src\\features\\projects\\components\\DataPrivacySection.tsx": {"path":"C:\\Users\\blamjarad\\Documents\\Github\\ecopart_front\\src\\features\\projects\\components\\DataPrivacySection.tsx","statementMap":{"0":{"start":{"line":18,"column":25},"end":{"line":26,"column":null}},"1":{"start":{"line":19,"column":19},"end":{"line":19,"column":null}},"2":{"start":{"line":21,"column":4},"end":{"line":23,"column":null}},"3":{"start":{"line":22,"column":8},"end":{"line":22,"column":null}},"4":{"start":{"line":25,"column":4},"end":{"line":25,"column":null}},"5":{"start":{"line":33,"column":37},"end":{"line":46,"column":null}},"6":{"start":{"line":40,"column":4},"end":{"line":45,"column":null}},"7":{"start":{"line":41,"column":22},"end":{"line":41,"column":null}},"8":{"start":{"line":42,"column":31},"end":{"line":42,"column":null}},"9":{"start":{"line":43,"column":8},"end":{"line":43,"column":null}},"10":{"start":{"line":44,"column":8},"end":{"line":44,"column":null}},"11":{"start":{"line":44,"column":34},"end":{"line":44,"column":82}},"12":{"start":{"line":48,"column":39},"end":{"line":64,"column":null}},"13":{"start":{"line":55,"column":4},"end":{"line":63,"column":null}},"14":{"start":{"line":56,"column":22},"end":{"line":56,"column":null}},"15":{"start":{"line":57,"column":8},"end":{"line":57,"column":null}},"16":{"start":{"line":57,"column":34},"end":{"line":57,"column":62}},"17":{"start":{"line":60,"column":8},"end":{"line":62,"column":null}},"18":{"start":{"line":61,"column":12},"end":{"line":61,"column":null}},"19":{"start":{"line":66,"column":69},"end":{"line":165,"column":null}},"20":{"start":{"line":75,"column":38},"end":{"line":77,"column":null}},"21":{"start":{"line":79,"column":28},"end":{"line":82,"column":null}},"22":{"start":{"line":82,"column":9},"end":{"line":82,"column":null}},"23":{"start":{"line":83,"column":31},"end":{"line":93,"column":null}},"24":{"start":{"line":84,"column":8},"end":{"line":93,"column":null}},"25":{"start":{"line":96,"column":4},"end":{"line":163,"column":null}}},"fnMap":{"0":{"name":"(anonymous_0)","decl":{"start":{"line":18,"column":25},"end":{"line":18,"column":26}},"loc":{"start":{"line":18,"column":52},"end":{"line":26,"column":null}},"line":18},"1":{"name":"(anonymous_1)","decl":{"start":{"line":33,"column":37},"end":{"line":33,"column":null}},"loc":{"start":{"line":39,"column":5},"end":{"line":46,"column":null}},"line":39},"2":{"name":"(anonymous_2)","decl":{"start":{"line":40,"column":11},"end":{"line":40,"column":12}},"loc":{"start":{"line":40,"column":54},"end":{"line":45,"column":null}},"line":40},"3":{"name":"(anonymous_3)","decl":{"start":{"line":44,"column":23},"end":{"line":44,"column":24}},"loc":{"start":{"line":44,"column":34},"end":{"line":44,"column":82}},"line":44},"4":{"name":"(anonymous_4)","decl":{"start":{"line":48,"column":39},"end":{"line":48,"column":null}},"loc":{"start":{"line":54,"column":5},"end":{"line":64,"column":null}},"line":54},"5":{"name":"(anonymous_5)","decl":{"start":{"line":55,"column":11},"end":{"line":55,"column":12}},"loc":{"start":{"line":55,"column":55},"end":{"line":63,"column":null}},"line":55},"6":{"name":"(anonymous_6)","decl":{"start":{"line":57,"column":23},"end":{"line":57,"column":24}},"loc":{"start":{"line":57,"column":34},"end":{"line":57,"column":62}},"line":57},"7":{"name":"(anonymous_7)","decl":{"start":{"line":66,"column":69},"end":{"line":66,"column":70}},"loc":{"start":{"line":72,"column":6},"end":{"line":165,"column":null}},"line":72},"8":{"name":"(anonymous_8)","decl":{"start":{"line":79,"column":28},"end":{"line":79,"column":null}},"loc":{"start":{"line":82,"column":9},"end":{"line":82,"column":null}},"line":82},"9":{"name":"(anonymous_9)","decl":{"start":{"line":83,"column":31},"end":{"line":83,"column":32}},"loc":{"start":{"line":84,"column":8},"end":{"line":93,"column":null}},"line":84}},"branchMap":{"0":{"loc":{"start":{"line":21,"column":4},"end":{"line":23,"column":null}},"type":"if","locations":[{"start":{"line":21,"column":4},"end":{"line":23,"column":null}},{"start":{},"end":{}}],"line":21},"1":{"loc":{"start":{"line":21,"column":8},"end":{"line":21,"column":44}},"type":"binary-expr","locations":[{"start":{"line":21,"column":8},"end":{"line":21,"column":32}},{"start":{"line":21,"column":32},"end":{"line":21,"column":44}}],"line":21},"2":{"loc":{"start":{"line":42,"column":31},"end":{"line":42,"column":null}},"type":"cond-expr","locations":[{"start":{"line":42,"column":46},"end":{"line":42,"column":50}},{"start":{"line":42,"column":50},"end":{"line":42,"column":null}}],"line":42},"3":{"loc":{"start":{"line":60,"column":8},"end":{"line":62,"column":null}},"type":"if","locations":[{"start":{"line":60,"column":8},"end":{"line":62,"column":null}},{"start":{},"end":{}}],"line":60},"4":{"loc":{"start":{"line":82,"column":9},"end":{"line":82,"column":null}},"type":"binary-expr","locations":[{"start":{"line":82,"column":9},"end":{"line":82,"column":31}},{"start":{"line":82,"column":31},"end":{"line":82,"column":null}}],"line":82},"5":{"loc":{"start":{"line":85,"column":13},"end":{"line":85,"column":null}},"type":"cond-expr","locations":[{"start":{"line":85,"column":22},"end":{"line":85,"column":79}},{"start":{"line":85,"column":79},"end":{"line":85,"column":null}}],"line":85},"6":{"loc":{"start":{"line":88,"column":28},"end":{"line":88,"column":null}},"type":"cond-expr","locations":[{"start":{"line":88,"column":37},"end":{"line":88,"column":46}},{"start":{"line":88,"column":46},"end":{"line":88,"column":null}}],"line":88},"7":{"loc":{"start":{"line":89,"column":23},"end":{"line":89,"column":null}},"type":"cond-expr","locations":[{"start":{"line":89,"column":32},"end":{"line":89,"column":49}},{"start":{"line":89,"column":49},"end":{"line":89,"column":null}}],"line":89}},"s":{"0":5,"1":6,"2":6,"3":0,"4":6,"5":5,"6":1302,"7":2,"8":2,"9":2,"10":2,"11":2,"12":5,"13":1302,"14":6,"15":6,"16":6,"17":6,"18":4,"19":5,"20":434,"21":434,"22":1302,"23":434,"24":1736,"25":434},"f":{"0":6,"1":1302,"2":2,"3":2,"4":1302,"5":6,"6":6,"7":434,"8":1302,"9":1736},"b":{"0":[0,6],"1":[6,6],"2":[0,2],"3":[4,2],"4":[1302,1290],"5":[434,1302],"6":[434,1302],"7":[434,1302]},"meta":{"lastBranch":8,"lastFunction":10,"lastStatement":26,"seen":{"s:18:25:26:Infinity":0,"f:18:25:18:26":0,"s:19:19:19:Infinity":1,"b:21:4:23:Infinity:undefined:undefined:undefined:undefined":0,"s:21:4:23:Infinity":2,"b:21:8:21:32:21:32:21:44":1,"s:22:8:22:Infinity":3,"s:25:4:25:Infinity":4,"s:33:37:46:Infinity":5,"f:33:37:33:Infinity":1,"s:40:4:45:Infinity":6,"f:40:11:40:12":2,"s:41:22:41:Infinity":7,"s:42:31:42:Infinity":8,"b:42:46:42:50:42:50:42:Infinity":2,"s:43:8:43:Infinity":9,"s:44:8:44:Infinity":10,"f:44:23:44:24":3,"s:44:34:44:82":11,"s:48:39:64:Infinity":12,"f:48:39:48:Infinity":4,"s:55:4:63:Infinity":13,"f:55:11:55:12":5,"s:56:22:56:Infinity":14,"s:57:8:57:Infinity":15,"f:57:23:57:24":6,"s:57:34:57:62":16,"b:60:8:62:Infinity:undefined:undefined:undefined:undefined":3,"s:60:8:62:Infinity":17,"s:61:12:61:Infinity":18,"s:66:69:165:Infinity":19,"f:66:69:66:70":7,"s:75:38:77:Infinity":20,"s:79:28:82:Infinity":21,"f:79:28:79:Infinity":8,"s:82:9:82:Infinity":22,"b:82:9:82:31:82:31:82:Infinity":4,"s:83:31:93:Infinity":23,"f:83:31:83:32":9,"s:84:8:93:Infinity":24,"b:85:22:85:79:85:79:85:Infinity":5,"b:88:37:88:46:88:46:88:Infinity":6,"b:89:32:89:49:89:49:89:Infinity":7,"s:96:4:163:Infinity":25}}}
,"C:\\Users\\blamjarad\\Documents\\Github\\ecopart_front\\src\\features\\projects\\components\\DataServerSection.tsx": {"path":"C:\\Users\\blamjarad\\Documents\\Github\\ecopart_front\\src\\features\\projects\\components\\DataServerSection.tsx","statementMap":{"0":{"start":{"line":14,"column":67},"end":{"line":88,"column":null}},"1":{"start":{"line":18,"column":4},"end":{"line":20,"column":null}},"2":{"start":{"line":19,"column":8},"end":{"line":19,"column":null}},"3":{"start":{"line":22,"column":4},"end":{"line":86,"column":null}},"4":{"start":{"line":51,"column":65},"end":{"line":51,"column":null}},"5":{"start":{"line":58,"column":69},"end":{"line":58,"column":null}},"6":{"start":{"line":65,"column":70},"end":{"line":65,"column":null}},"7":{"start":{"line":73,"column":69},"end":{"line":73,"column":null}},"8":{"start":{"line":80,"column":76},"end":{"line":80,"column":null}}},"fnMap":{"0":{"name":"(anonymous_0)","decl":{"start":{"line":14,"column":67},"end":{"line":14,"column":68}},"loc":{"start":{"line":14,"column":110},"end":{"line":88,"column":null}},"line":14},"1":{"name":"(anonymous_1)","decl":{"start":{"line":51,"column":58},"end":{"line":51,"column":59}},"loc":{"start":{"line":51,"column":65},"end":{"line":51,"column":null}},"line":51},"2":{"name":"(anonymous_2)","decl":{"start":{"line":58,"column":62},"end":{"line":58,"column":63}},"loc":{"start":{"line":58,"column":69},"end":{"line":58,"column":null}},"line":58},"3":{"name":"(anonymous_3)","decl":{"start":{"line":65,"column":63},"end":{"line":65,"column":64}},"loc":{"start":{"line":65,"column":70},"end":{"line":65,"column":null}},"line":65},"4":{"name":"(anonymous_4)","decl":{"start":{"line":73,"column":62},"end":{"line":73,"column":63}},"loc":{"start":{"line":73,"column":69},"end":{"line":73,"column":null}},"line":73},"5":{"name":"(anonymous_5)","decl":{"start":{"line":80,"column":69},"end":{"line":80,"column":70}},"loc":{"start":{"line":80,"column":76},"end":{"line":80,"column":null}},"line":80}},"branchMap":{"0":{"loc":{"start":{"line":18,"column":4},"end":{"line":20,"column":null}},"type":"if","locations":[{"start":{"line":18,"column":4},"end":{"line":20,"column":null}},{"start":{},"end":{}}],"line":18}},"s":{"0":5,"1":447,"2":447,"3":0,"4":0,"5":0,"6":0,"7":0,"8":0},"f":{"0":447,"1":0,"2":0,"3":0,"4":0,"5":0},"b":{"0":[447,0]},"meta":{"lastBranch":1,"lastFunction":6,"lastStatement":9,"seen":{"s:14:67:88:Infinity":0,"f:14:67:14:68":0,"b:18:4:20:Infinity:undefined:undefined:undefined:undefined":0,"s:18:4:20:Infinity":1,"s:19:8:19:Infinity":2,"s:22:4:86:Infinity":3,"f:51:58:51:59":1,"s:51:65:51:Infinity":4,"f:58:62:58:63":2,"s:58:69:58:Infinity":5,"f:65:63:65:64":3,"s:65:70:65:Infinity":6,"f:73:62:73:63":4,"s:73:69:73:Infinity":7,"f:80:69:80:70":5,"s:80:76:80:Infinity":8}}}
,"C:\\Users\\blamjarad\\Documents\\Github\\ecopart_front\\src\\features\\projects\\components\\EcoTaxaLinkSection.tsx": {"path":"C:\\Users\\blamjarad\\Documents\\Github\\ecopart_front\\src\\features\\projects\\components\\EcoTaxaLinkSection.tsx","statementMap":{"0":{"start":{"line":39,"column":69},"end":{"line":275,"column":null}},"1":{"start":{"line":45,"column":10},"end":{"line":45,"column":null}},"2":{"start":{"line":48,"column":17},"end":{"line":48,"column":null}},"3":{"start":{"line":49,"column":32},"end":{"line":49,"column":null}},"4":{"start":{"line":50,"column":34},"end":{"line":50,"column":null}},"5":{"start":{"line":51,"column":38},"end":{"line":51,"column":null}},"6":{"start":{"line":55,"column":33},"end":{"line":57,"column":null}},"7":{"start":{"line":56,"column":34},"end":{"line":56,"column":80}},"8":{"start":{"line":58,"column":30},"end":{"line":60,"column":null}},"9":{"start":{"line":63,"column":30},"end":{"line":65,"column":null}},"10":{"start":{"line":64,"column":21},"end":{"line":64,"column":null}},"11":{"start":{"line":67,"column":29},"end":{"line":71,"column":null}},"12":{"start":{"line":68,"column":21},"end":{"line":68,"column":null}},"13":{"start":{"line":74,"column":4},"end":{"line":112,"column":null}},"14":{"start":{"line":75,"column":26},"end":{"line":108,"column":null}},"15":{"start":{"line":76,"column":12},"end":{"line":76,"column":null}},"16":{"start":{"line":76,"column":32},"end":{"line":76,"column":null}},"17":{"start":{"line":78,"column":12},"end":{"line":78,"column":null}},"18":{"start":{"line":79,"column":12},"end":{"line":107,"column":null}},"19":{"start":{"line":81,"column":39},"end":{"line":81,"column":null}},"20":{"start":{"line":82,"column":16},"end":{"line":82,"column":null}},"21":{"start":{"line":86,"column":16},"end":{"line":94,"column":null}},"22":{"start":{"line":87,"column":40},"end":{"line":87,"column":null}},"23":{"start":{"line":88,"column":20},"end":{"line":88,"column":null}},"24":{"start":{"line":91,"column":20},"end":{"line":91,"column":null}},"25":{"start":{"line":93,"column":20},"end":{"line":93,"column":null}},"26":{"start":{"line":97,"column":16},"end":{"line":102,"column":null}},"27":{"start":{"line":98,"column":20},"end":{"line":101,"column":null}},"28":{"start":{"line":104,"column":16},"end":{"line":104,"column":null}},"29":{"start":{"line":106,"column":16},"end":{"line":106,"column":null}},"30":{"start":{"line":110,"column":8},"end":{"line":110,"column":null}},"31":{"start":{"line":114,"column":4},"end":{"line":273,"column":null}},"32":{"start":{"line":120,"column":69},"end":{"line":120,"column":121}},"33":{"start":{"line":134,"column":24},"end":{"line":138,"column":null}},"34":{"start":{"line":147,"column":51},"end":{"line":147,"column":null}},"35":{"start":{"line":148,"column":28},"end":{"line":148,"column":null}},"36":{"start":{"line":148,"column":49},"end":{"line":148,"column":null}},"37":{"start":{"line":149,"column":49},"end":{"line":149,"column":null}},"38":{"start":{"line":149,"column":72},"end":{"line":149,"column":126}},"39":{"start":{"line":151,"column":28},"end":{"line":151,"column":null}},"40":{"start":{"line":151,"column":47},"end":{"line":151,"column":null}},"41":{"start":{"line":153,"column":28},"end":{"line":157,"column":null}},"42":{"start":{"line":163,"column":66},"end":{"line":163,"column":101}},"43":{"start":{"line":165,"column":45},"end":{"line":165,"column":null}},"44":{"start":{"line":165,"column":68},"end":{"line":165,"column":107}},"45":{"start":{"line":166,"column":48},"end":{"line":166,"column":null}},"46":{"start":{"line":166,"column":72},"end":{"line":166,"column":119}},"47":{"start":{"line":168,"column":24},"end":{"line":182,"column":null}},"48":{"start":{"line":199,"column":37},"end":{"line":199,"column":null}},"49":{"start":{"line":209,"column":24},"end":{"line":211,"column":null}},"50":{"start":{"line":231,"column":45},"end":{"line":231,"column":null}},"51":{"start":{"line":254,"column":32},"end":{"line":257,"column":null}}},"fnMap":{"0":{"name":"(anonymous_0)","decl":{"start":{"line":39,"column":69},"end":{"line":39,"column":70}},"loc":{"start":{"line":44,"column":6},"end":{"line":275,"column":null}},"line":44},"1":{"name":"(anonymous_1)","decl":{"start":{"line":56,"column":21},"end":{"line":56,"column":22}},"loc":{"start":{"line":56,"column":34},"end":{"line":56,"column":80}},"line":56},"2":{"name":"(anonymous_2)","decl":{"start":{"line":64,"column":8},"end":{"line":64,"column":9}},"loc":{"start":{"line":64,"column":21},"end":{"line":64,"column":null}},"line":64},"3":{"name":"(anonymous_3)","decl":{"start":{"line":68,"column":8},"end":{"line":68,"column":9}},"loc":{"start":{"line":68,"column":21},"end":{"line":68,"column":null}},"line":68},"4":{"name":"(anonymous_4)","decl":{"start":{"line":74,"column":14},"end":{"line":74,"column":20}},"loc":{"start":{"line":74,"column":20},"end":{"line":112,"column":7}},"line":74},"5":{"name":"(anonymous_5)","decl":{"start":{"line":75,"column":26},"end":{"line":75,"column":38}},"loc":{"start":{"line":75,"column":38},"end":{"line":108,"column":null}},"line":75},"6":{"name":"(anonymous_6)","decl":{"start":{"line":120,"column":61},"end":{"line":120,"column":67}},"loc":{"start":{"line":120,"column":67},"end":{"line":120,"column":124}},"line":120},"7":{"name":"(anonymous_7)","decl":{"start":{"line":133,"column":30},"end":{"line":133,"column":31}},"loc":{"start":{"line":133,"column":37},"end":{"line":139,"column":null}},"line":133},"8":{"name":"(anonymous_8)","decl":{"start":{"line":146,"column":37},"end":{"line":146,"column":38}},"loc":{"start":{"line":146,"column":60},"end":{"line":159,"column":null}},"line":146},"9":{"name":"(anonymous_9)","decl":{"start":{"line":149,"column":64},"end":{"line":149,"column":72}},"loc":{"start":{"line":149,"column":72},"end":{"line":149,"column":126}},"line":149},"10":{"name":"(anonymous_10)","decl":{"start":{"line":163,"column":53},"end":{"line":163,"column":54}},"loc":{"start":{"line":163,"column":66},"end":{"line":163,"column":101}},"line":163},"11":{"name":"(anonymous_11)","decl":{"start":{"line":163,"column":109},"end":{"line":163,"column":110}},"loc":{"start":{"line":163,"column":125},"end":{"line":184,"column":21}},"line":163},"12":{"name":"(anonymous_12)","decl":{"start":{"line":165,"column":60},"end":{"line":165,"column":68}},"loc":{"start":{"line":165,"column":68},"end":{"line":165,"column":107}},"line":165},"13":{"name":"(anonymous_13)","decl":{"start":{"line":166,"column":62},"end":{"line":166,"column":63}},"loc":{"start":{"line":166,"column":72},"end":{"line":166,"column":119}},"line":166},"14":{"name":"(anonymous_14)","decl":{"start":{"line":199,"column":30},"end":{"line":199,"column":31}},"loc":{"start":{"line":199,"column":37},"end":{"line":199,"column":null}},"line":199},"15":{"name":"(anonymous_15)","decl":{"start":{"line":208,"column":43},"end":{"line":208,"column":44}},"loc":{"start":{"line":209,"column":24},"end":{"line":211,"column":null}},"line":209},"16":{"name":"(anonymous_16)","decl":{"start":{"line":231,"column":38},"end":{"line":231,"column":39}},"loc":{"start":{"line":231,"column":45},"end":{"line":231,"column":null}},"line":231},"17":{"name":"(anonymous_17)","decl":{"start":{"line":253,"column":38},"end":{"line":253,"column":39}},"loc":{"start":{"line":253,"column":45},"end":{"line":258,"column":null}},"line":253}},"branchMap":{"0":{"loc":{"start":{"line":58,"column":30},"end":{"line":60,"column":null}},"type":"cond-expr","locations":[{"start":{"line":59,"column":10},"end":{"line":59,"column":null}},{"start":{"line":60,"column":10},"end":{"line":60,"column":null}}],"line":58},"1":{"loc":{"start":{"line":58,"column":30},"end":{"line":58,"column":null}},"type":"binary-expr","locations":[{"start":{"line":58,"column":30},"end":{"line":58,"column":49}},{"start":{"line":58,"column":49},"end":{"line":58,"column":null}}],"line":58},"2":{"loc":{"start":{"line":64,"column":21},"end":{"line":64,"column":null}},"type":"binary-expr","locations":[{"start":{"line":64,"column":21},"end":{"line":64,"column":49}},{"start":{"line":64,"column":49},"end":{"line":64,"column":null}}],"line":64},"3":{"loc":{"start":{"line":67,"column":29},"end":{"line":71,"column":null}},"type":"cond-expr","locations":[{"start":{"line":70,"column":10},"end":{"line":70,"column":null}},{"start":{"line":71,"column":10},"end":{"line":71,"column":null}}],"line":67},"4":{"loc":{"start":{"line":67,"column":29},"end":{"line":69,"column":null}},"type":"binary-expr","locations":[{"start":{"line":67,"column":29},"end":{"line":67,"column":47}},{"start":{"line":67,"column":47},"end":{"line":69,"column":null}}],"line":67},"5":{"loc":{"start":{"line":76,"column":12},"end":{"line":76,"column":null}},"type":"if","locations":[{"start":{"line":76,"column":12},"end":{"line":76,"column":null}},{"start":{},"end":{}}],"line":76},"6":{"loc":{"start":{"line":97,"column":16},"end":{"line":102,"column":null}},"type":"if","locations":[{"start":{"line":97,"column":16},"end":{"line":102,"column":null}},{"start":{},"end":{}}],"line":97},"7":{"loc":{"start":{"line":97,"column":20},"end":{"line":97,"column":67}},"type":"binary-expr","locations":[{"start":{"line":97,"column":20},"end":{"line":97,"column":49}},{"start":{"line":97,"column":49},"end":{"line":97,"column":67}}],"line":97},"8":{"loc":{"start":{"line":148,"column":28},"end":{"line":148,"column":null}},"type":"if","locations":[{"start":{"line":148,"column":28},"end":{"line":148,"column":null}},{"start":{},"end":{}}],"line":148},"9":{"loc":{"start":{"line":151,"column":28},"end":{"line":151,"column":null}},"type":"if","locations":[{"start":{"line":151,"column":28},"end":{"line":151,"column":null}},{"start":{},"end":{}}],"line":151},"10":{"loc":{"start":{"line":170,"column":33},"end":{"line":180,"column":null}},"type":"cond-expr","locations":[{"start":{"line":172,"column":36},"end":{"line":177,"column":null}},{"start":{"line":180,"column":36},"end":{"line":180,"column":null}}],"line":170},"11":{"loc":{"start":{"line":186,"column":21},
[...]
:92,"column":null}},"line":25},"1":{"name":"submitRegisterForm","decl":{"start":{"line":98,"column":22},"end":{"line":98,"column":41}},"loc":{"start":{"line":98,"column":58},"end":{"line":101,"column":null}},"line":98}},"branchMap":{"0":{"loc":{"start":{"line":24,"column":4},"end":{"line":24,"column":null}},"type":"default-arg","locations":[{"start":{"line":24,"column":29},"end":{"line":24,"column":null}}],"line":24},"1":{"loc":{"start":{"line":28,"column":8},"end":{"line":28,"column":null}},"type":"default-arg","locations":[{"start":{"line":28,"column":20},"end":{"line":28,"column":null}}],"line":28},"2":{"loc":{"start":{"line":29,"column":8},"end":{"line":29,"column":null}},"type":"default-arg","locations":[{"start":{"line":29,"column":19},"end":{"line":29,"column":null}}],"line":29},"3":{"loc":{"start":{"line":30,"column":8},"end":{"line":30,"column":null}},"type":"default-arg","locations":[{"start":{"line":30,"column":16},"end":{"line":30,"column":null}}],"line":30},"4":{"loc":{"start":{"line":31,"column":8},"end":{"line":31,"column":null}},"type":"default-arg","locations":[{"start":{"line":31,"column":19},"end":{"line":31,"column":null}}],"line":31},"5":{"loc":{"start":{"line":32,"column":8},"end":{"line":32,"column":null}},"type":"default-arg","locations":[{"start":{"line":32,"column":26},"end":{"line":32,"column":null}}],"line":32},"6":{"loc":{"start":{"line":33,"column":8},"end":{"line":33,"column":null}},"type":"default-arg","locations":[{"start":{"line":33,"column":23},"end":{"line":33,"column":null}}],"line":33},"7":{"loc":{"start":{"line":34,"column":8},"end":{"line":34,"column":null}},"type":"default-arg","locations":[{"start":{"line":34,"column":18},"end":{"line":34,"column":null}}],"line":34},"8":{"loc":{"start":{"line":35,"column":8},"end":{"line":35,"column":null}},"type":"default-arg","locations":[{"start":{"line":35,"column":16},"end":{"line":35,"column":null}}],"line":35},"9":{"loc":{"start":{"line":36,"column":8},"end":{"line":36,"column":null}},"type":"default-arg","locations":[{"start":{"line":36,"column":22},"end":{"line":36,"column":null}}],"line":36},"10":{"loc":{"start":{"line":86,"column":4},"end":{"line":91,"column":null}},"type":"if","locations":[{"start":{"line":86,"column":4},"end":{"line":91,"column":null}},{"start":{},"end":{}}],"line":86},"11":{"loc":{"start":{"line":88,"column":8},"end":{"line":90,"column":null}},"type":"if","locations":[{"start":{"line":88,"column":8},"end":{"line":90,"column":null}},{"start":{},"end":{}}],"line":88}},"s":{"0":2,"1":2,"2":2,"3":2,"4":2,"5":2,"6":2,"7":2,"8":2,"9":2,"10":2,"11":2,"12":2,"13":2,"14":2,"15":2,"16":2,"17":2,"18":2,"19":2,"20":2,"21":2,"22":2,"23":2,"24":2,"25":2,"26":2,"27":2,"28":2,"29":2,"30":2,"31":2,"32":2,"33":2},"f":{"0":2,"1":2},"b":{"0":[2],"1":[2],"2":[2],"3":[2],"4":[2],"5":[2],"6":[2],"7":[2],"8":[2],"9":[2],"10":[2,0],"11":[2,0]},"meta":{"lastBranch":12,"lastFunction":2,"lastStatement":34,"seen":{"f:22:22:22:Infinity":0,"b:24:29:24:Infinity":0,"s:37:8:37:Infinity":0,"b:28:20:28:Infinity":1,"b:29:19:29:Infinity":2,"b:30:16:30:Infinity":3,"b:31:19:31:Infinity":4,"b:32:26:32:Infinity":5,"b:33:23:33:Infinity":6,"b:34:18:34:Infinity":7,"b:35:16:35:Infinity":8,"b:36:22:36:Infinity":9,"s:40:27:40:Infinity":1,"s:41:4:41:Infinity":2,"s:42:4:42:Infinity":3,"s:44:26:44:Infinity":4,"s:45:4:45:Infinity":5,"s:46:4:46:Infinity":6,"s:48:23:48:Infinity":7,"s:49:4:49:Infinity":8,"s:50:4:50:Infinity":9,"s:54:26:54:Infinity":10,"s:55:4:55:Infinity":11,"s:56:4:56:Infinity":12,"s:58:25:58:Infinity":13,"s:59:4:59:Infinity":14,"s:60:4:60:Infinity":15,"s:63:21:63:Infinity":16,"s:64:4:64:Infinity":17,"s:65:4:65:Infinity":18,"s:68:25:68:Infinity":19,"s:69:4:69:Infinity":20,"s:70:4:70:Infinity":21,"s:71:4:71:Infinity":22,"s:75:26:77:Infinity":23,"s:78:4:78:Infinity":24,"s:81:23:81:Infinity":25,"s:82:4:82:Infinity":26,"s:83:4:83:Infinity":27,"b:86:4:91:Infinity:undefined:undefined:undefined:undefined":10,"s:86:4:91:Infinity":28,"s:87:30:87:Infinity":29,"b:88:8:90:Infinity:undefined:undefined:undefined:undefined":11,"s:88:8:90:Infinity":30,"s:89:12:89:Infinity":31,"f:98:22:98:41":1,"s:99:25:99:Infinity":32,"s:100:4:100:Infinity":33}}}
,"C:\\Users\\blamjarad\\Documents\\Github\\ecopart_front\\src\\test\\helpers\\resetConfirmForm.helpers.ts": {"path":"C:\\Users\\blamjarad\\Documents\\Github\\ecopart_front\\src\\test\\helpers\\resetConfirmForm.helpers.ts","statementMap":{"0":{"start":{"line":19,"column":26},"end":{"line":19,"column":null}},"1":{"start":{"line":20,"column":4},"end":{"line":20,"column":null}},"2":{"start":{"line":21,"column":4},"end":{"line":21,"column":null}},"3":{"start":{"line":24,"column":25},"end":{"line":24,"column":null}},"4":{"start":{"line":25,"column":4},"end":{"line":25,"column":null}},"5":{"start":{"line":26,"column":4},"end":{"line":26,"column":null}},"6":{"start":{"line":33,"column":25},"end":{"line":33,"column":null}},"7":{"start":{"line":34,"column":4},"end":{"line":34,"column":null}}},"fnMap":{"0":{"name":"fillResetConfirmForm","decl":{"start":{"line":13,"column":22},"end":{"line":13,"column":null}},"loc":{"start":{"line":16,"column":2},"end":{"line":27,"column":null}},"line":16},"1":{"name":"submitResetConfirmForm","decl":{"start":{"line":32,"column":22},"end":{"line":32,"column":45}},"loc":{"start":{"line":32,"column":62},"end":{"line":35,"column":null}},"line":32}},"branchMap":{"0":{"loc":{"start":{"line":15,"column":4},"end":{"line":15,"column":null}},"type":"default-arg","locations":[{"start":{"line":15,"column":82},"end":{"line":15,"column":null}}],"line":15},"1":{"loc":{"start":{"line":15,"column":6},"end":{"line":15,"column":30}},"type":"default-arg","locations":[{"start":{"line":15,"column":17},"end":{"line":15,"column":30}}],"line":15},"2":{"loc":{"start":{"line":15,"column":30},"end":{"line":15,"column":60}},"type":"default-arg","locations":[{"start":{"line":15,"column":48},"end":{"line":15,"column":60}}],"line":15}},"s":{"0":5,"1":5,"2":5,"3":5,"4":5,"5":5,"6":2,"7":2},"f":{"0":5,"1":2},"b":{"0":[5],"1":[5],"2":[5]},"meta":{"lastBranch":3,"lastFunction":2,"lastStatement":8,"seen":{"f:13:22:13:Infinity":0,"b:15:82:15:Infinity":0,"b:15:17:15:30":1,"b:15:48:15:60":2,"s:19:26:19:Infinity":0,"s:20:4:20:Infinity":1,"s:21:4:21:Infinity":2,"s:24:25:24:Infinity":3,"s:25:4:25:Infinity":4,"s:26:4:26:Infinity":5,"f:32:22:32:45":1,"s:33:25:33:Infinity":6,"s:34:4:34:Infinity":7}}}
,"C:\\Users\\blamjarad\\Documents\\Github\\ecopart_front\\src\\test\\msw\\handlers.ts": {"path":"C:\\Users\\blamjarad\\Documents\\Github\\ecopart_front\\src\\test\\msw\\handlers.ts","statementMap":{"0":{"start":{"line":7,"column":17},"end":{"line":7,"column":null}},"1":{"start":{"line":10,"column":29},"end":{"line":10,"column":null}},"2":{"start":{"line":10,"column":37},"end":{"line":10,"column":57}},"3":{"start":{"line":13,"column":27},"end":{"line":13,"column":null}},"4":{"start":{"line":13,"column":49},"end":{"line":13,"column":69}},"5":{"start":{"line":15,"column":24},"end":{"line":230,"column":null}},"6":{"start":{"line":18,"column":22},"end":{"line":18,"column":null}},"7":{"start":{"line":21,"column":8},"end":{"line":29,"column":null}},"8":{"start":{"line":23,"column":12},"end":{"line":23,"column":null}},"9":{"start":{"line":24,"column":12},"end":{"line":28,"column":null}},"10":{"start":{"line":31,"column":8},"end":{"line":31,"column":null}},"11":{"start":{"line":37,"column":8},"end":{"line":40,"column":null}},"12":{"start":{"line":39,"column":12},"end":{"line":39,"column":null}},"13":{"start":{"line":43,"column":8},"end":{"line":52,"column":null}},"14":{"start":{"line":58,"column":8},"end":{"line":58,"column":null}},"15":{"start":{"line":63,"column":8},"end":{"line":68,"column":null}},"16":{"start":{"line":74,"column":8},"end":{"line":84,"column":null}},"17":{"start":{"line":90,"column":8},"end":{"line":90,"column":null}},"18":{"start":{"line":95,"column":8},"end":{"line":95,"column":null}},"19":{"start":{"line":100,"column":22},"end":{"line":100,"column":null}},"20":{"start":{"line":102,"column":8},"end":{"line":111,"column":null}},"21":{"start":{"line":116,"column":8},"end":{"line":116,"column":null}},"22":{"start":{"line":121,"column":8},"end":{"line":121,"column":null}},"23":{"start":{"line":127,"column":8},"end":{"line":130,"column":null}},"24":{"start":{"line":136,"column":8},"end":{"line":149,"column":null}},"25":{"start":{"line":155,"column":8},"end":{"line":166,"column":null}},"26":{"start":{"line":172,"column":8},"end":{"line":177,"column":null}},"27":{"start":{"line":183,"column":20},"end":{"line":183,"column":null}},"28":{"start":{"line":184,"column":14},"end":{"line":184,"column":null}},"29":{"start":{"line":185,"column":27},"end":{"line":185,"column":null}},"30":{"start":{"line":188,"column":22},"end":{"line":188,"column":null}},"31":{"start":{"line":189,"column":8},"end":{"line":191,"column":null}},"32":{"start":{"line":190,"column":12},"end":{"line":190,"column":null}},"33":{"start":{"line":193,"column":30},"end":{"line":193,"column":null}},"34":{"start":{"line":194,"column":23},"end":{"line":194,"column":null}},"35":{"start":{"line":195,"column":24},"end":{"line":195,"column":null}},"36":{"start":{"line":197,"column":8},"end":{"line":199,"column":null}},"37":{"start":{"line":198,"column":12},"end":{"line":198,"column":null}},"38":{"start":{"line":201,"column":37},"end":{"line":201,"column":null}},"39":{"start":{"line":203,"column":8},"end":{"line":210,"column":null}},"40":{"start":{"line":216,"column":8},"end":{"line":216,"column":null}},"41":{"start":{"line":222,"column":8},"end":{"line":222,"column":null}},"42":{"start":{"line":228,"column":8},"end":{"line":228,"column":null}}},"fnMap":{"0":{"name":"(anonymous_0)","decl":{"start":{"line":10,"column":29},"end":{"line":10,"column":35}},"loc":{"start":{"line":10,"column":35},"end":{"line":10,"column":null}},"line":10},"1":{"name":"(anonymous_1)","decl":{"start":{"line":13,"column":27},"end":{"line":13,"column":28}},"loc":{"start":{"line":13,"column":47},"end":{"line":13,"column":null}},"line":13},"2":{"name":"(anonymous_2)","decl":{"start":{"line":17,"column":30},"end":{"line":17,"column":37}},"loc":{"start":{"line":17,"column":53},"end":{"line":32,"column":5}},"line":17},"3":{"name":"(anonymous_3)","decl":{"start":{"line":36,"column":31},"end":{"line":36,"column":37}},"loc":{"start":{"line":36,"column":37},"end":{"line":53,"column":5}},"line":36},"4":{"name":"(anonymous_4)","decl":{"start":{"line":56,"column":25},"end":{"line":56,"column":37}},"loc":{"start":{"line":56,"column":37},"end":{"line":59,"column":5}},"line":56},"5":{"name":"(anonymous_5)","decl":{"start":{"line":62,"column":39},"end":{"line":62,"column":45}},"loc":{"start":{"line":62,"column":45},"end":{"line":69,"column":5}},"line":62},"6":{"name":"(anonymous_6)","decl":{"start":{"line":73,"column":35},"end":{"line":73,"column":41}},"loc":{"start":{"line":73,"column":41},"end":{"line":85,"column":5}},"line":73},"7":{"name":"(anonymous_7)","decl":{"start":{"line":88,"column":39},"end":{"line":88,"column":51}},"loc":{"start":{"line":88,"column":51},"end":{"line":91,"column":5}},"line":88},"8":{"name":"(anonymous_8)","decl":{"start":{"line":94,"column":38},"end":{"line":94,"column":50}},"loc":{"start":{"line":94,"column":50},"end":{"line":96,"column":5}},"line":94},"9":{"name":"(anonymous_9)","decl":{"start":{"line":99,"column":30},"end":{"line":99,"column":37}},"loc":{"start":{"line":99,"column":53},"end":{"line":112,"column":5}},"line":99},"10":{"name":"(anonymous_10)","decl":{"start":{"line":115,"column":40},"end":{"line":115,"column":52}},"loc":{"start":{"line":115,"column":52},"end":{"line":117,"column":5}},"line":115},"11":{"name":"(anonymous_11)","decl":{"start":{"line":120,"column":31},"end":{"line":120,"column":43}},"loc":{"start":{"line":120,"column":43},"end":{"line":122,"column":5}},"line":120},"12":{"name":"(anonymous_12)","decl":{"start":{"line":126,"column":37},"end":{"line":126,"column":49}},"loc":{"start":{"line":126,"column":49},"end":{"line":131,"column":5}},"line":126},"13":{"name":"(anonymous_13)","decl":{"start":{"line":135,"column":36},"end":{"line":135,"column":42}},"loc":{"start":{"line":135,"column":42},"end":{"line":150,"column":5}},"line":135},"14":{"name":"(anonymous_14)","decl":{"start":{"line":154,"column":37},"end":{"line":154,"column":43}},"loc":{"start":{"line":154,"column":43},"end":{"line":167,"column":5}},"line":154},"15":{"name":"(anonymous_15)","decl":{"start":{"line":171,"column":34},"end":{"line":171,"column":40}},"loc":{"start":{"line":171,"column":40},"end":{"line":178,"column":5}},"line":171},"16":{"name":"(anonymous_16)","decl":{"start":{"line":182,"column":54},"end":{"line":182,"column":55}},"loc":{"start":{"line":182,"column":71},"end":{"line":211,"column":5}},"line":182},"17":{"name":"(anonymous_17)","decl":{"start":{"line":215,"column":44},"end":{"line":215,"column":50}},"loc":{"start":{"line":215,"column":50},"end":{"line":217,"column":5}},"line":215},"18":{"name":"(anonymous_18)","decl":{"start":{"line":221,"column":45},"end":{"line":221,"column":51}},"loc":{"start":{"line":221,"column":51},"end":{"line":223,"column":5}},"line":221},"19":{"name":"(anonymous_19)","decl":{"start":{"line":227,"column":65},"end":{"line":227,"column":71}},"loc":{"start":{"line":227,"column":71},"end":{"line":229,"column":5}},"line":227}},"branchMap":{"0":{"loc":{"start":{"line":21,"column":8},"end":{"line":29,"column":null}},"type":"if","locations":[{"start":{"line":21,"column":8},"end":{"line":29,"column":null}},{"start":{},"end":{}}],"line":21},"1":{"loc":{"start":{"line":21,"column":12},"end":{"line":21,"column":76}},"type":"binary-expr","locations":[{"start":{"line":21,"column":12},"end":{"line":21,"column":45}},{"start":{"line":21,"column":45},"end":{"line":21,"column":76}}],"line":21},"2":{"loc":{"start":{"line":37,"column":8},"end":{"line":40,"column":null}},"type":"if","locations":[{"start":{"line":37,"column":8},"end":{"line":40,"column":null}},{"start":{},"end":{}}],"line":37},"3":{"loc":{"start":{"line":104,"column":24},"end":{"line":104,"column":null}},"type":"binary-expr","locations":[{"start":{"line":104,"column":24},"end":{"line":104,"column":43}},{"start":{"line":104,"column":43},"end":{"line":104,"column":null}}],"line":104},"4":{"loc":{"start":{"line":105,"column":23},"end":{"line":105,"column":null}},"type":"binary-expr","locations":[{"start":{"line":105,"column":23},"end":{"line":105,"column":41}},{"start":{"line":105,"column":41},"end":{"line":105,"column":null}}],"line":105},"5":{"loc":{"start":{"line":107,"column":26},"end":{"line":107,"column":null}},"type":"binary-expr","locations":[{"start":{"line":107,"column":26},"end":{"line":107,"column":47}},{"start":{"line":107,"column":47},"end":{"line":107,"column":null}}],"line":107},"6":{"loc":{"start":{"line":108,"column":21},"end":{"line":108,"column":null}},"type":"binary-expr","locations":[{"start":{"line":108,"column":21},"end":{"line":108,"column":37}},{"start":{"line":108,"column":37},"end":{"line":108,"column":null}}],"line":108},"7":{"loc":{"start":{"line":109,"column":32},"end":{"line":109,"column":null}},"type":"binary-expr","locations":[{"start":{"line":109,"column":32},"end":{"line":109,"column":59}},{"start":{"line":109,"column":59},"end":{"line":109,"column":null}}],"line":109},"8":{"loc":{"start":{"line":184,"column":28},"end":{"line":184,"column":71}},"type":"binary-expr","locations":[{"start":{"line":184,"column":28},"end":{"line":184,"column":67}},{"start":{"line":184,"column":67},"end":{"line":184,"column":71}}],"line":184},"9":{"loc":{"start":{"line":185,"column":27},"end":{"line":185,"column":null}},"type":"binary-expr","locations":[{"start":{"line":185,"column":27},"end":{"line":185,"column":78}},{"start":{"line":185,"column":78},"end":{"line":185,"column":null}}],"line":185},"10":{"loc":{"start":{"line":189,"column":8},"end":{"line":191,"column":null}},"type":"if","locations":[{"start":{"line":189,"column":8},"end":{"line":191,"column":null}},{"start":{},"end":{}}],"line":189},"11":{"loc":{"start":{"line":197,"column":8},"end":{"line":199,"column":null}},"type":"if","locations":[{"start":{"line":197,"column":8},"end":{"line":199,"column":null}},{"start":{},"end":{}}],"line":197},"12":{"loc":{"start":{"line":197,"column":12},"end":{"line":197,"column":51}},"type":"binary-expr","locations":[{"start":{"line":197,"column":12},"end":{"line":197,"column":30}},{"start":{"line":197,"column":30},"end":{"line":197,"column":41}},{"start":{"line":197,"column":41},"end":{"line":197,"column":51}}],"line":197},"13":{"loc":{"start":{"line":201,"column":37},"end":{"line":201,"column":null}},"type":"cond-expr","locations":[{"start":{"line":201,"column":78},"end":{"line":201,"column":89}},{"start":{"line":201,"column":89},"end":{"line":201,"column":null}}],"line":201}},"s":{"0":21,"1":21,"2":87,"3":21,"4":61,"5":21,"6":1,"7":1,"8":1,"9":1,"10":0,"11":20,"12":0,"13":20,"14":1,"15":5,"16":7,"17":1,"18":1,"19":1,"20":1,"21":1,"22":1,"23":0,"24":6,"25":17,"26":17,"27":3,"28":3,"29":3,"30":3,"31":3,"32":2,"33":1,"34":1,"35":1,"36":1,"37":0,"38":1,"39":3,"40":12,"41":0,"42":0},"f":{"0":87,"1":61,"2":1,"3":20,"4":1,"5":5,"6":7,"7":1,"8":1,"9":1,"10":1,"11":1,"12":0,"13":6,"14":17,"15":17,"16":3,"17":12,"18":0,"19":0},"b":{"0":[1,0],"1":[1,1],"2":[0,20],"3":[1,0],"4":[1,0],"5":[1,0],"6":[1,0],"7":[1,0],"8":[3,0],"9":[3,0],"10":[2,1],"11":[0,1],"12":[1,1,1],"13":[1,0]},"meta":{"lastBranch":14,"lastFunction":20,"lastStatement":43,"seen":{"s:7:17:7:Infinity":0,"s:10:29:10:Infinity":1,"f:10:29:10:35":0,"s:10:37:10:57":2,"s:13:27:13:Infinity":3,"f:13:27:13:28":1,"s:13:49:13:69":4,"s:15:24:230:Infinity":5,"f:17:30:17:37":2,"s:18:22:18:Infinity":6,"b:21:8:29:Infinity:undefined:undefined:undefined:undefined":0,"s:21:8:29:Infinity":7,"b:21:12:21:45:21:45:21:76":1,"s:23:12:23:Infinity":8,"s:24:12:28:Infinity":9,"s:31:8:31:Infinity":10,"f:36:31:36:37":3,"b:37:8:40:Infinity:undefined:undefined:undefined:undefined":2,"s:37:8:40:Infinity":11,"s:39:12:39:Infinity":12,"s:43:8:52:Infinity":13,"f:56:25:56:37":4,"s:58:8:58:Infinity":14,"f:62:39:62:45":5,"s:63:8:68:Infinity":15,"f:73:35:73:41":6,"s:74:8:84:Infinity":16,"f:88:39:88:51":7,"s:90:8:90:Infinity":17,"f:94:38:94:50":8,"s:95:8:95:Infinity":18,"f:99:30:99:37":9,"s:100:22:100:Infinity":19,"s:102:8:111:Infinity":20,"b:104:24:104:43:104:43:104:Infinity":3,"b:105:23:105:41:105:41:105:Infinity":4,"b:107:26:107:47:107:47:107:Infinity":5,"b:108:21:108:37:108:37:108:Infinity":6,"b:109:32:109:59:109:59:109:Infinity":7,"f:115:40:115:52":10,"s:116:8:116:Infinity":21,"f:120:31:120:43":11,"s:121:8:121:Infinity":22,"f:126:37:126:49":12,"s:127:8:130:Infinity":23,"f:135:36:135:42":13,"s:136:8:149:Infinity":24,"f:154:37:154:43":14,"s:155:8:166:Infinity":25,"f:171:34:171:40":15,"s:172:8:177:Infinity":26,"f:182:54:182:55":16,"s:183:20:183:Infinity":27,"s:184:14:184:Infinity":28,"b:184:28:184:67:184:67:184:71":8,"s:185:27:185:Infinity":29,"b:185:27:185:78:185:78:185:Infinity":9,"s:188:22:188:Infinity":30,"b:189:8:191:Infinity:undefined:undefined:undefined:undefined":10,"s:189:8:191:Infinity":31,"s:190:12:190:Infinity":32,"s:193:30:193:Infinity":33,"s:194:23:194:Infinity":34,"s:195:24:195:Infinity":35,"b:197:8:199:Infinity:undefined:undefined:undefined:undefined":11,"s:197:8:199:Infinity":36,"b:197:12:197:30:197:30:197:41:197:41:197:51":12,"s:198:12:198:Infinity":37,"s:201:37:201:Infinity":38,"b:201:78:201:89:201:89:201:Infinity":13,"s:203:8:210:Infinity":39,"f:215:44:215:50":17,"s:216:8:216:Infinity":40,"f:221:45:221:51":18,"s:222:8:222:Infinity":41,"f:227:65:227:71":19,"s:228:8:228:Infinity":42}}}
,"C:\\Users\\blamjarad\\Documents\\Github\\ecopart_front\\src\\test\\msw\\server.ts": {"path":"C:\\Users\\blamjarad\\Documents\\Github\\ecopart_front\\src\\test\\msw\\server.ts","statementMap":{"0":{"start":{"line":5,"column":13},"end":{"line":5,"column":null}}},"fnMap":{},"branchMap":{},"s":{"0":21},"f":{},"b":{},"meta":{"lastBranch":0,"lastFunction":0,"lastStatement":1,"seen":{"s:5:13:5:Infinity":0}}}
}
